#
# There is insufficient memory for the Java Runtime Environment to continue.
# Native memory allocation (mmap) failed to map 1191182336 bytes for G1 virtual space
# Possible reasons:
#   The system is out of physical RAM or swap space
#   The process is running with CompressedOops enabled, and the Java Heap may be blocking the growth of the native heap
# Possible solutions:
#   Reduce memory load on the system
#   Increase physical memory or swap space
#   Check if swap backing store is full
#   Decrease Java heap size (-Xmx/-Xms)
#   Decrease number of Java threads
#   Decrease Java thread stack sizes (-Xss)
#   Set larger code cache with -XX:ReservedCodeCacheSize=
#   JVM is running with Zero Based Compressed Oops mode in which the Java heap is
#     placed in the first 32GB address space. The Java Heap base address is the
#     maximum limit for the native heap growth. Please use -XX:HeapBaseMinAddress
#     to set the Java Heap base and to place the Java Heap above 32GB virtual address.
# This output file may be truncated or incomplete.
#
#  Out of Memory Error (os_windows.cpp:3532), pid=1320, tid=14060
#
# JRE version: OpenJDK Runtime Environment (17.0.2+8) (build 17.0.2+8-86)
# Java VM: OpenJDK 64-Bit Server VM (17.0.2+8-86, mixed mode, emulated-client, sharing, tiered, compressed oops, compressed class ptrs, g1 gc, windows-amd64)
# No core dump will be written. Minidumps are not enabled by default on client versions of Windows
#

---------------  S U M M A R Y ------------

Command Line: -XX:TieredStopAtLevel=1 -Dspring.output.ansi.enabled=always -Dcom.sun.management.jmxremote -Dspring.jmx.enabled=true -Dspring.liveBeansView.mbeanDomain -Dspring.application.admin.enabled=true -Dmanagement.endpoints.jmx.exposure.include=* -javaagent:C:\Program Files\JetBrains\IntelliJ IDEA 2024.3.1\lib\idea_rt.jar=62874:C:\Program Files\JetBrains\IntelliJ IDEA 2024.3.1\bin -Dfile.encoding=UTF-8 com.example.backend.BackendApplication

Host: 11th Gen Intel(R) Core(TM) i5-1135G7 @ 2.40GHz, 8 cores, 15G,  Windows 11 , 64 bit Build 26100 (10.0.26100.3775)
Time: Wed Apr 30 16:29:27 2025  Windows 11 , 64 bit Build 26100 (10.0.26100.3775) elapsed time: 15.504060 seconds (0d 0h 0m 15s)

---------------  T H R E A D  ---------------

Current thread (0x000001f82a92a680):  VMThread "VM Thread" [stack: 0x000000766b200000,0x000000766b300000] [id=14060]

Stack: [0x000000766b200000,0x000000766b300000]
Native frames: (J=compiled Java code, j=interpreted, Vv=VM code, C=native code)
V  [jvm.dll+0x670baa]
V  [jvm.dll+0x7cfcb4]
V  [jvm.dll+0x7d145e]
V  [jvm.dll+0x7d1ac3]
V  [jvm.dll+0x242bc5]
V  [jvm.dll+0x66dac9]
V  [jvm.dll+0x662412]
V  [jvm.dll+0x300c0b]
V  [jvm.dll+0x3081a6]
V  [jvm.dll+0x357d0e]
V  [jvm.dll+0x357f3f]
V  [jvm.dll+0x2d7ec8]
V  [jvm.dll+0x2d6194]
V  [jvm.dll+0x2d579c]
V  [jvm.dll+0x3190eb]
V  [jvm.dll+0x7d5f9b]
V  [jvm.dll+0x7d6cd4]
V  [jvm.dll+0x7d71ec]
V  [jvm.dll+0x7d75c4]
V  [jvm.dll+0x7d7690]
V  [jvm.dll+0x77ff7a]
V  [jvm.dll+0x66fa35]
C  [ucrtbase.dll+0x37b0]
C  [KERNEL32.DLL+0x2e8d7]
C  [ntdll.dll+0xb14fc]

VM_Operation (0x000000766acf70a0): G1CollectForAllocation, mode: safepoint, requested by thread 0x000001f81600f8c0


---------------  P R O C E S S  ---------------

Threads class SMR info:
_java_thread_list=0x000001f8345057b0, length=22, elements={
0x000001f81600f8c0, 0x000001f82a931140, 0x000001f82a931cf0, 0x000001f82a949ba0,
0x000001f82a94a750, 0x000001f82a94b200, 0x000001f82a94cbc0, 0x000001f82a94d620,
0x000001f82a963370, 0x000001f82d290b90, 0x000001f82e5a0210, 0x000001f82e5a1fa0,
0x000001f82e695b70, 0x000001f82e74aa10, 0x000001f82e747760, 0x000001f82e7fa920,
0x000001f82f0445d0, 0x000001f82f046780, 0x000001f82f046c50, 0x000001f83167c340,
0x000001f831679cc0, 0x000001f83167c810
}

Java Threads: ( => current thread )
  0x000001f81600f8c0 JavaThread "main" [_thread_blocked, id=5540, stack(0x000000766ac00000,0x000000766ad00000)]
  0x000001f82a931140 JavaThread "Reference Handler" daemon [_thread_blocked, id=7056, stack(0x000000766b300000,0x000000766b400000)]
  0x000001f82a931cf0 JavaThread "Finalizer" daemon [_thread_blocked, id=14192, stack(0x000000766b400000,0x000000766b500000)]
  0x000001f82a949ba0 JavaThread "Signal Dispatcher" daemon [_thread_blocked, id=16080, stack(0x000000766b500000,0x000000766b600000)]
  0x000001f82a94a750 JavaThread "Attach Listener" daemon [_thread_blocked, id=9636, stack(0x000000766b600000,0x000000766b700000)]
  0x000001f82a94b200 JavaThread "Service Thread" daemon [_thread_blocked, id=11732, stack(0x000000766b700000,0x000000766b800000)]
  0x000001f82a94cbc0 JavaThread "Monitor Deflation Thread" daemon [_thread_blocked, id=2364, stack(0x000000766b800000,0x000000766b900000)]
  0x000001f82a94d620 JavaThread "C1 CompilerThread0" daemon [_thread_blocked, id=5560, stack(0x000000766b900000,0x000000766ba00000)]
  0x000001f82a963370 JavaThread "Sweeper thread" daemon [_thread_blocked, id=8944, stack(0x000000766ba00000,0x000000766bb00000)]
  0x000001f82d290b90 JavaThread "Common-Cleaner" daemon [_thread_blocked, id=15120, stack(0x000000766bb00000,0x000000766bc00000)]
  0x000001f82e5a0210 JavaThread "Monitor Ctrl-Break" daemon [_thread_in_native, id=10496, stack(0x000000766be00000,0x000000766bf00000)]
  0x000001f82e5a1fa0 JavaThread "Notification Thread" daemon [_thread_blocked, id=5808, stack(0x000000766bf00000,0x000000766c000000)]
  0x000001f82e695b70 JavaThread "RMI TCP Accept-0" daemon [_thread_in_native, id=6056, stack(0x000000766c000000,0x000000766c100000)]
  0x000001f82e74aa10 JavaThread "RMI TCP Connection(1)-192.0.200.51" daemon [_thread_blocked, id=16752, stack(0x000000766c100000,0x000000766c200000)]
  0x000001f82e747760 JavaThread "RMI Scheduler(0)" daemon [_thread_blocked, id=17268, stack(0x000000766c300000,0x000000766c400000)]
  0x000001f82e7fa920 JavaThread "JMX server connection timeout 20" daemon [_thread_blocked, id=6124, stack(0x000000766cc00000,0x000000766cd00000)]
  0x000001f82f0445d0 JavaThread "RMI TCP Connection(2)-192.0.200.51" daemon [_thread_in_native, id=15372, stack(0x000000766cd00000,0x000000766ce00000)]
  0x000001f82f046780 JavaThread "Catalina-utility-1" [_thread_blocked, id=11856, stack(0x000000766d000000,0x000000766d100000)]
  0x000001f82f046c50 JavaThread "Catalina-utility-2" [_thread_blocked, id=12640, stack(0x000000766d100000,0x000000766d200000)]
  0x000001f83167c340 JavaThread "container-0" [_thread_blocked, id=1588, stack(0x000000766d200000,0x000000766d300000)]
  0x000001f831679cc0 JavaThread "idle-connection-reaper" daemon [_thread_blocked, id=10320, stack(0x000000766d400000,0x000000766d500000)]
  0x000001f83167c810 JavaThread "HikariPool-1 housekeeper" daemon [_thread_blocked, id=8732, stack(0x000000766d600000,0x000000766d700000)]

Other Threads:
=>0x000001f82a92a680 VMThread "VM Thread" [stack: 0x000000766b200000,0x000000766b300000] [id=14060]
  0x000001f81607e230 WatcherThread [stack: 0x000000766c200000,0x000000766c300000] [id=15688]
  0x000001f816062d30 GCTaskThread "GC Thread#0" [stack: 0x000000766ad00000,0x000000766ae00000] [id=16964]
  0x000001f82e73ccc0 GCTaskThread "GC Thread#1" [stack: 0x000000766c400000,0x000000766c500000] [id=6108]
  0x000001f82e7baef0 GCTaskThread "GC Thread#2" [stack: 0x000000766c500000,0x000000766c600000] [id=10884]
  0x000001f82e7bb1a0 GCTaskThread "GC Thread#3" [stack: 0x000000766c600000,0x000000766c700000] [id=1608]
  0x000001f82e7bbc60 GCTaskThread "GC Thread#4" [stack: 0x000000766c700000,0x000000766c800000] [id=16692]
  0x000001f82e7bbf10 GCTaskThread "GC Thread#5" [stack: 0x000000766c800000,0x000000766c900000] [id=416]
  0x000001f82e7f02f0 GCTaskThread "GC Thread#6" [stack: 0x000000766c900000,0x000000766ca00000] [id=16272]
  0x000001f82e7f19c0 GCTaskThread "GC Thread#7" [stack: 0x000000766ca00000,0x000000766cb00000] [id=6984]
  0x000001f816070600 ConcurrentGCThread "G1 Main Marker" [stack: 0x000000766ae00000,0x000000766af00000] [id=8840]
  0x000001f82a7c2e10 ConcurrentGCThread "G1 Conc#0" [stack: 0x000000766af00000,0x000000766b000000] [id=12004]
  0x000001f82ef42c10 ConcurrentGCThread "G1 Conc#1" [stack: 0x000000766ce00000,0x000000766cf00000] [id=15840]
  0x000001f82a8694f0 ConcurrentGCThread "G1 Refine#0" [stack: 0x000000766b000000,0x000000766b100000] [id=16588]
  0x000001f82e7ae7d0 ConcurrentGCThread "G1 Refine#1" [stack: 0x000000766cb00000,0x000000766cc00000] [id=13308]
  0x000001f83128bd30 ConcurrentGCThread "G1 Refine#2" [stack: 0x000000766d300000,0x000000766d400000] [id=17748]
  0x000001f83128b770 ConcurrentGCThread "G1 Refine#3" [stack: 0x000000766d700000,0x000000766d800000] [id=11780]
  0x000001f83128c010 ConcurrentGCThread "G1 Refine#4" [stack: 0x000000766d800000,0x000000766d900000] [id=12320]
  0x000001f83128a630 ConcurrentGCThread "G1 Refine#5" [stack: 0x000000766d900000,0x000000766da00000] [id=1772]
  0x000001f83128ba50 ConcurrentGCThread "G1 Refine#6" [stack: 0x000000766bc00000,0x000000766bd00000] [id=6096]
  0x000001f83128c2f0 ConcurrentGCThread "G1 Refine#7" [stack: 0x000000766bd00000,0x000000766be00000] [id=1036]
  0x000001f82a86abd0 ConcurrentGCThread "G1 Service" [stack: 0x000000766b100000,0x000000766b200000] [id=13104]

Threads with active compile tasks:

VM state: at safepoint (normal execution)

VM Mutex/Monitor currently owned by a thread:  ([mutex/lock_event])
[0x000001f81600cb70] Threads_lock - owner thread: 0x000001f82a92a680
[0x000001f81600b730] Heap_lock - owner thread: 0x000001f81600f8c0

Heap address: 0x0000000704400000, size: 4028 MB, Compressed Oops mode: Zero based, Oop shift amount: 3

CDS archive(s) mapped at: [0x0000000800000000-0x0000000800bc0000-0x0000000800bc0000), size 12320768, SharedBaseAddress: 0x0000000800000000, ArchiveRelocationMode: 0.
Compressed class space mapped at: 0x0000000800c00000-0x0000000840c00000, reserved size: 1073741824
Narrow klass base: 0x0000000800000000, Narrow klass shift: 0, Narrow klass range: 0x100000000

GC Precious Log:
 CPUs: 8 total, 8 available
 Memory: 16107M
 Large Page Support: Disabled
 NUMA Support: Disabled
 Compressed Oops: Enabled (Zero based)
 Heap Region Size: 2M
 Heap Min Capacity: 8M
 Heap Initial Capacity: 252M
 Heap Max Capacity: 4028M
 Pre-touch: Disabled
 Parallel Workers: 8
 Concurrent Workers: 2
 Concurrent Refinement Workers: 8
 Periodic GC: Disabled

Heap:
 garbage-first heap   total 655360K, used 385024K [0x0000000704400000, 0x0000000800000000)
  region size 2048K, 10 young (20480K), 10 survivors (20480K)
 Metaspace       used 82659K, committed 83392K, reserved 1122304K
  class space    used 11835K, committed 12160K, reserved 1048576K

Heap Regions: E=young(eden), S=young(survivor), O=old, HS=humongous(starts), HC=humongous(continues), CS=collection set, F=free, OA=open archive, CA=closed archive, TAMS=top-at-mark-start (previous, next)
|   0|0x0000000704400000, 0x0000000704600000, 0x0000000704600000|100%| O|  |TAMS 0x0000000704600000, 0x0000000704400000| Untracked 
|   1|0x0000000704600000, 0x0000000704800000, 0x0000000704800000|100%| O|  |TAMS 0x0000000704800000, 0x0000000704600000| Untracked 
|   2|0x0000000704800000, 0x0000000704a00000, 0x0000000704a00000|100%| O|  |TAMS 0x0000000704a00000, 0x0000000704800000| Untracked 
|   3|0x0000000704a00000, 0x0000000704c00000, 0x0000000704c00000|100%| O|  |TAMS 0x0000000704c00000, 0x0000000704a00000| Untracked 
|   4|0x0000000704c00000, 0x0000000704e00000, 0x0000000704e00000|100%| O|  |TAMS 0x0000000704e00000, 0x0000000704c00000| Untracked 
|   5|0x0000000704e00000, 0x0000000705000000, 0x0000000705000000|100%| O|  |TAMS 0x0000000705000000, 0x0000000704e00000| Untracked 
|   6|0x0000000705000000, 0x0000000705200000, 0x0000000705200000|100%| O|  |TAMS 0x0000000705200000, 0x0000000705000000| Untracked 
|   7|0x0000000705200000, 0x0000000705400000, 0x0000000705400000|100%| O|  |TAMS 0x0000000705400000, 0x0000000705200000| Untracked 
|   8|0x0000000705400000, 0x0000000705600000, 0x0000000705600000|100%| O|  |TAMS 0x0000000705600000, 0x0000000705400000| Untracked 
|   9|0x0000000705600000, 0x0000000705800000, 0x0000000705800000|100%| O|  |TAMS 0x0000000705800000, 0x0000000705600000| Untracked 
|  10|0x0000000705800000, 0x0000000705a00000, 0x0000000705a00000|100%| O|  |TAMS 0x0000000705a00000, 0x0000000705800000| Untracked 
|  11|0x0000000705a00000, 0x0000000705c00000, 0x0000000705c00000|100%| O|  |TAMS 0x0000000705c00000, 0x0000000705a00000| Untracked 
|  12|0x0000000705c00000, 0x0000000705e00000, 0x0000000705e00000|100%| O|  |TAMS 0x0000000705e00000, 0x0000000705c00000| Untracked 
|  13|0x0000000705e00000, 0x0000000706000000, 0x0000000706000000|100%| O|  |TAMS 0x0000000706000000, 0x0000000705e00000| Untracked 
|  14|0x0000000706000000, 0x0000000706200000, 0x0000000706200000|100%| O|  |TAMS 0x0000000706200000, 0x0000000706000000| Untracked 
|  15|0x0000000706200000, 0x0000000706400000, 0x0000000706400000|100%| O|  |TAMS 0x0000000706400000, 0x0000000706200000| Untracked 
|  16|0x0000000706400000, 0x0000000706600000, 0x0000000706600000|100%| O|  |TAMS 0x0000000706600000, 0x0000000706400000| Untracked 
|  17|0x0000000706600000, 0x0000000706800000, 0x0000000706800000|100%| O|  |TAMS 0x0000000706800000, 0x0000000706600000| Untracked 
|  18|0x0000000706800000, 0x0000000706a00000, 0x0000000706a00000|100%| O|  |TAMS 0x0000000706a00000, 0x0000000706800000| Untracked 
|  19|0x0000000706a00000, 0x0000000706c00000, 0x0000000706c00000|100%| O|  |TAMS 0x0000000706c00000, 0x0000000706a00000| Untracked 
|  20|0x0000000706c00000, 0x0000000706e00000, 0x0000000706e00000|100%| O|  |TAMS 0x0000000706e00000, 0x0000000706c00000| Untracked 
|  21|0x0000000706e00000, 0x0000000707000000, 0x0000000707000000|100%| O|  |TAMS 0x0000000707000000, 0x0000000706e00000| Untracked 
|  22|0x0000000707000000, 0x0000000707200000, 0x0000000707200000|100%| O|  |TAMS 0x0000000707200000, 0x0000000707000000| Untracked 
|  23|0x0000000707200000, 0x0000000707400000, 0x0000000707400000|100%| O|  |TAMS 0x0000000707400000, 0x0000000707200000| Untracked 
|  24|0x0000000707400000, 0x0000000707600000, 0x0000000707600000|100%| O|  |TAMS 0x0000000707600000, 0x0000000707400000| Untracked 
|  25|0x0000000707600000, 0x0000000707800000, 0x0000000707800000|100%| O|  |TAMS 0x0000000707600000, 0x0000000707600000| Untracked 
|  26|0x0000000707800000, 0x0000000707a00000, 0x0000000707a00000|100%| O|  |TAMS 0x0000000707800000, 0x0000000707800000| Untracked 
|  27|0x0000000707a00000, 0x0000000707c00000, 0x0000000707c00000|100%| O|  |TAMS 0x0000000707a00000, 0x0000000707a00000| Untracked 
|  28|0x0000000707c00000, 0x0000000707e00000, 0x0000000707e00000|100%| O|  |TAMS 0x0000000707c00000, 0x0000000707c00000| Untracked 
|  29|0x0000000707e00000, 0x0000000708000000, 0x0000000708000000|100%| O|  |TAMS 0x0000000707e00000, 0x0000000707e00000| Untracked 
|  30|0x0000000708000000, 0x0000000708200000, 0x0000000708200000|100%| O|  |TAMS 0x0000000708200000, 0x0000000708000000| Untracked 
|  31|0x0000000708200000, 0x0000000708400000, 0x0000000708400000|100%| O|  |TAMS 0x0000000708200000, 0x0000000708200000| Untracked 
|  32|0x0000000708400000, 0x0000000708600000, 0x0000000708600000|100%| O|  |TAMS 0x0000000708600000, 0x0000000708400000| Untracked 
|  33|0x0000000708600000, 0x0000000708800000, 0x0000000708800000|100%| O|  |TAMS 0x0000000708600000, 0x0000000708600000| Untracked 
|  34|0x0000000708800000, 0x0000000708a00000, 0x0000000708a00000|100%| O|  |TAMS 0x0000000708800000, 0x0000000708800000| Untracked 
|  35|0x0000000708a00000, 0x0000000708c00000, 0x0000000708c00000|100%| O|  |TAMS 0x0000000708a00000, 0x0000000708a00000| Untracked 
|  36|0x0000000708c00000, 0x0000000708e00000, 0x0000000708e00000|100%| O|  |TAMS 0x0000000708c00000, 0x0000000708c00000| Untracked 
|  37|0x0000000708e00000, 0x0000000709000000, 0x0000000709000000|100%| O|  |TAMS 0x0000000708e00000, 0x0000000708e00000| Untracked 
|  38|0x0000000709000000, 0x0000000709200000, 0x0000000709200000|100%| O|  |TAMS 0x0000000709000000, 0x0000000709000000| Untracked 
|  39|0x0000000709200000, 0x0000000709400000, 0x0000000709400000|100%|HS|  |TAMS 0x0000000709200000, 0x0000000709200000| Complete 
|  40|0x0000000709400000, 0x0000000709600000, 0x0000000709600000|100%|HS|  |TAMS 0x0000000709400000, 0x0000000709400000| Complete 
|  41|0x0000000709600000, 0x0000000709800000, 0x0000000709800000|100%|HC|  |TAMS 0x0000000709600000, 0x0000000709600000| Complete 
|  42|0x0000000709800000, 0x0000000709a00000, 0x0000000709a00000|100%| O|  |TAMS 0x0000000709800000, 0x0000000709800000| Untracked 
|  43|0x0000000709a00000, 0x0000000709c00000, 0x0000000709c00000|100%| O|  |TAMS 0x0000000709a00000, 0x0000000709a00000| Untracked 
|  44|0x0000000709c00000, 0x0000000709e00000, 0x0000000709e00000|100%| O|  |TAMS 0x0000000709c00000, 0x0000000709c00000| Untracked 
|  45|0x0000000709e00000, 0x000000070a000000, 0x000000070a000000|100%| O|  |TAMS 0x000000070a000000, 0x0000000709e00000| Untracked 
|  46|0x000000070a000000, 0x000000070a200000, 0x000000070a200000|100%| O|  |TAMS 0x000000070a200000, 0x000000070a000000| Untracked 
|  47|0x000000070a200000, 0x000000070a400000, 0x000000070a400000|100%| O|  |TAMS 0x000000070a200000, 0x000000070a200000| Untracked 
|  48|0x000000070a400000, 0x000000070a600000, 0x000000070a600000|100%| O|  |TAMS 0x000000070a600000, 0x000000070a400000| Untracked 
|  49|0x000000070a600000, 0x000000070a800000, 0x000000070a800000|100%| O|  |TAMS 0x000000070a800000, 0x000000070a600000| Untracked 
|  50|0x000000070a800000, 0x000000070aa00000, 0x000000070aa00000|100%| O|  |TAMS 0x000000070aa00000, 0x000000070a800000| Untracked 
|  51|0x000000070aa00000, 0x000000070ac00000, 0x000000070ac00000|100%| O|  |TAMS 0x000000070ac00000, 0x000000070aa00000| Untracked 
|  52|0x000000070ac00000, 0x000000070ae00000, 0x000000070ae00000|100%| O|  |TAMS 0x000000070ae00000, 0x000000070ac00000| Untracked 
|  53|0x000000070ae00000, 0x000000070b000000, 0x000000070b000000|100%| O|  |TAMS 0x000000070b000000, 0x000000070ae00000| Untracked 
|  54|0x000000070b000000, 0x000000070b200000, 0x000000070b200000|100%| O|  |TAMS 0x000000070b200000, 0x000000070b000000| Untracked 
|  55|0x000000070b200000, 0x000000070b400000, 0x000000070b400000|100%| O|  |TAMS 0x000000070b400000, 0x000000070b200000| Untracked 
|  56|0x000000070b400000, 0x000000070b600000, 0x000000070b600000|100%| O|  |TAMS 0x000000070b600000, 0x000000070b400000| Untracked 
|  57|0x000000070b600000, 0x000000070b800000, 0x000000070b800000|100%| O|  |TAMS 0x000000070b800000, 0x000000070b600000| Untracked 
|  58|0x000000070b800000, 0x000000070ba00000, 0x000000070ba00000|100%| O|  |TAMS 0x000000070ba00000, 0x000000070b800000| Untracked 
|  59|0x000000070ba00000, 0x000000070bc00000, 0x000000070bc00000|100%| O|  |TAMS 0x000000070bc00000, 0x000000070ba00000| Untracked 
|  60|0x000000070bc00000, 0x000000070be00000, 0x000000070be00000|100%| O|  |TAMS 0x000000070be00000, 0x000000070bc00000| Untracked 
|  61|0x000000070be00000, 0x000000070c000000, 0x000000070c000000|100%| O|  |TAMS 0x000000070be00000, 0x000000070be00000| Untracked 
|  62|0x000000070c000000, 0x000000070c200000, 0x000000070c200000|100%| O|  |TAMS 0x000000070c000000, 0x000000070c000000| Untracked 
|  63|0x000000070c200000, 0x000000070c400000, 0x000000070c400000|100%| O|  |TAMS 0x000000070c200000, 0x000000070c200000| Untracked 
|  64|0x000000070c400000, 0x000000070c600000, 0x000000070c600000|100%| O|  |TAMS 0x000000070c400000, 0x000000070c400000| Untracked 
|  65|0x000000070c600000, 0x000000070c800000, 0x000000070c800000|100%| O|  |TAMS 0x000000070c600000, 0x000000070c600000| Untracked 
|  66|0x000000070c800000, 0x000000070ca00000, 0x000000070ca00000|100%| O|  |TAMS 0x000000070ca00000, 0x000000070c800000| Untracked 
|  67|0x000000070ca00000, 0x000000070cc00000, 0x000000070cc00000|100%| O|  |TAMS 0x000000070cc00000, 0x000000070ca00000| Untracked 
|  68|0x000000070cc00000, 0x000000070ce00000, 0x000000070ce00000|100%| O|  |TAMS 0x000000070ce00000, 0x000000070cc00000| Untracked 
|  69|0x000000070ce00000, 0x000000070d000000, 0x000000070d000000|100%| O|  |TAMS 0x000000070d000000, 0x000000070ce00000| Untracked 
|  70|0x000000070d000000, 0x000000070d200000, 0x000000070d200000|100%| O|  |TAMS 0x000000070d200000, 0x000000070d000000| Untracked 
|  71|0x000000070d200000, 0x000000070d400000, 0x000000070d400000|100%| O|  |TAMS 0x000000070d400000, 0x000000070d200000| Untracked 
|  72|0x000000070d400000, 0x000000070d600000, 0x000000070d600000|100%| O|  |TAMS 0x000000070d600000, 0x000000070d400000| Untracked 
|  73|0x000000070d600000, 0x000000070d800000, 0x000000070d800000|100%| O|  |TAMS 0x000000070d778c00, 0x000000070d600000| Untracked 
|  74|0x000000070d800000, 0x000000070da00000, 0x000000070da00000|100%| O|  |TAMS 0x000000070d800000, 0x000000070d800000| Untracked 
|  75|0x000000070da00000, 0x000000070dc00000, 0x000000070dc00000|100%| O|  |TAMS 0x000000070da00000, 0x000000070da00000| Untracked 
|  76|0x000000070dc00000, 0x000000070de00000, 0x000000070de00000|100%| O|  |TAMS 0x000000070dc00000, 0x000000070dc00000| Untracked 
|  77|0x000000070de00000, 0x000000070e000000, 0x000000070e000000|100%| O|  |TAMS 0x000000070de00000, 0x000000070de00000| Untracked 
|  78|0x000000070e000000, 0x000000070e200000, 0x000000070e200000|100%| O|  |TAMS 0x000000070e000000, 0x000000070e000000| Untracked 
|  79|0x000000070e200000, 0x000000070e400000, 0x000000070e400000|100%| O|  |TAMS 0x000000070e200000, 0x000000070e200000| Untracked 
|  80|0x000000070e400000, 0x000000070e600000, 0x000000070e600000|100%| O|  |TAMS 0x000000070e400000, 0x000000070e400000| Untracked 
|  81|0x000000070e600000, 0x000000070e800000, 0x000000070e800000|100%| O|  |TAMS 0x000000070e600000, 0x000000070e600000| Untracked 
|  82|0x000000070e800000, 0x000000070ea00000, 0x000000070ea00000|100%| O|  |TAMS 0x000000070e800000, 0x000000070e800000| Untracked 
|  83|0x000000070ea00000, 0x000000070ec00000, 0x000000070ec00000|100%| O|  |TAMS 0x000000070ea00000, 0x000000070ea00000| Untracked 
|  84|0x000000070ec00000, 0x000000070ee00000, 0x000000070ee00000|100%| O|  |TAMS 0x000000070ec00000, 0x000000070ec00000| Untracked 
|  85|0x000000070ee00000, 0x000000070f000000, 0x000000070f000000|100%| O|  |TAMS 0x000000070ee00000, 0x000000070ee00000| Untracked 
|  86|0x000000070f000000, 0x000000070f200000, 0x000000070f200000|100%| O|  |TAMS 0x000000070f000000, 0x000000070f000000| Untracked 
|  87|0x000000070f200000, 0x000000070f400000, 0x000000070f400000|100%| O|  |TAMS 0x000000070f200000, 0x000000070f200000| Untracked 
|  88|0x000000070f400000, 0x000000070f600000, 0x000000070f600000|100%| O|  |TAMS 0x000000070f400000, 0x000000070f400000| Untracked 
|  89|0x000000070f600000, 0x000000070f800000, 0x000000070f800000|100%| O|  |TAMS 0x000000070f600000, 0x000000070f600000| Untracked 
|  90|0x000000070f800000, 0x000000070fa00000, 0x000000070fa00000|100%| O|  |TAMS 0x000000070f800000, 0x000000070f800000| Untracked 
|  91|0x000000070fa00000, 0x000000070fc00000, 0x000000070fc00000|100%| O|  |TAMS 0x000000070fa00000, 0x000000070fa00000| Untracked 
|  92|0x000000070fc00000, 0x000000070fe00000, 0x000000070fe00000|100%| O|  |TAMS 0x000000070fc00000, 0x000000070fc00000| Untracked 
|  93|0x000000070fe00000, 0x0000000710000000, 0x0000000710000000|100%| O|  |TAMS 0x000000070fe00000, 0x000000070fe00000| Untracked 
|  94|0x0000000710000000, 0x0000000710200000, 0x0000000710200000|100%| O|  |TAMS 0x0000000710000000, 0x0000000710000000| Untracked 
|  95|0x0000000710200000, 0x0000000710400000, 0x0000000710400000|100%| O|  |TAMS 0x0000000710200000, 0x0000000710200000| Untracked 
|  96|0x0000000710400000, 0x0000000710600000, 0x0000000710600000|100%| O|  |TAMS 0x0000000710400000, 0x0000000710400000| Untracked 
|  97|0x0000000710600000, 0x0000000710800000, 0x0000000710800000|100%| O|  |TAMS 0x0000000710600000, 0x0000000710600000| Untracked 
|  98|0x0000000710800000, 0x0000000710a00000, 0x0000000710a00000|100%| O|  |TAMS 0x0000000710800000, 0x0000000710800000| Untracked 
|  99|0x0000000710a00000, 0x0000000710c00000, 0x0000000710c00000|100%| O|  |TAMS 0x0000000710a00000, 0x0000000710a00000| Untracked 
| 100|0x0000000710c00000, 0x0000000710e00000, 0x0000000710e00000|100%| O|  |TAMS 0x0000000710c00000, 0x0000000710c00000| Untracked 
| 101|0x0000000710e00000, 0x0000000711000000, 0x0000000711000000|100%| O|  |TAMS 0x0000000710e00000, 0x0000000710e00000| Untracked 
| 102|0x0000000711000000, 0x0000000711200000, 0x0000000711200000|100%| O|  |TAMS 0x0000000711000000, 0x0000000711000000| Untracked 
| 103|0x0000000711200000, 0x0000000711400000, 0x0000000711400000|100%| O|  |TAMS 0x0000000711200000, 0x0000000711200000| Untracked 
| 104|0x0000000711400000, 0x0000000711600000, 0x0000000711600000|100%| O|  |TAMS 0x0000000711400000, 0x0000000711400000| Untracked 
| 105|0x0000000711600000, 0x0000000711800000, 0x0000000711800000|100%| O|  |TAMS 0x0000000711600000, 0x0000000711600000| Untracked 
| 106|0x0000000711800000, 0x0000000711a00000, 0x0000000711a00000|100%| O|  |TAMS 0x0000000711800000, 0x0000000711800000| Untracked 
| 107|0x0000000711a00000, 0x0000000711c00000, 0x0000000711c00000|100%| O|  |TAMS 0x0000000711a00000, 0x0000000711a00000| Untracked 
| 108|0x0000000711c00000, 0x0000000711e00000, 0x0000000711e00000|100%| O|  |TAMS 0x0000000711c00000, 0x0000000711c00000| Untracked 
| 109|0x0000000711e00000, 0x0000000712000000, 0x0000000712000000|100%| O|  |TAMS 0x0000000711e00000, 0x0000000711e00000| Untracked 
| 110|0x0000000712000000, 0x0000000712200000, 0x0000000712200000|100%| O|  |TAMS 0x0000000712000000, 0x0000000712000000| Untracked 
| 111|0x0000000712200000, 0x0000000712400000, 0x0000000712400000|100%| O|  |TAMS 0x0000000712200000, 0x0000000712200000| Untracked 
| 112|0x0000000712400000, 0x0000000712600000, 0x0000000712600000|100%| O|  |TAMS 0x0000000712400000, 0x0000000712400000| Untracked 
| 113|0x0000000712600000, 0x0000000712800000, 0x0000000712800000|100%| O|  |TAMS 0x0000000712600000, 0x0000000712600000| Untracked 
| 114|0x0000000712800000, 0x0000000712a00000, 0x0000000712a00000|100%| O|  |TAMS 0x0000000712800000, 0x0000000712800000| Untracked 
| 115|0x0000000712a00000, 0x0000000712c00000, 0x0000000712c00000|100%| O|  |TAMS 0x0000000712a00000, 0x0000000712a00000| Untracked 
| 116|0x0000000712c00000, 0x0000000712e00000, 0x0000000712e00000|100%| O|  |TAMS 0x0000000712c00000, 0x0000000712c00000| Untracked 
| 117|0x0000000712e00000, 0x0000000713000000, 0x0000000713000000|100%| O|  |TAMS 0x0000000712e00000, 0x0000000712e00000| Untracked 
| 118|0x0000000713000000, 0x0000000713200000, 0x0000000713200000|100%| O|  |TAMS 0x0000000713000000, 0x0000000713000000| Untracked 
| 119|0x0000000713200000, 0x0000000713400000, 0x0000000713400000|100%|HS|  |TAMS 0x0000000713200000, 0x0000000713200000| Complete 
| 120|0x0000000713400000, 0x0000000713600000, 0x0000000713600000|100%| O|  |TAMS 0x0000000713400000, 0x0000000713400000| Untracked 
| 121|0x0000000713600000, 0x0000000713800000, 0x0000000713800000|100%| O|  |TAMS 0x0000000713600000, 0x0000000713600000| Untracked 
| 122|0x0000000713800000, 0x0000000713a00000, 0x0000000713a00000|100%| O|  |TAMS 0x0000000713800000, 0x0000000713800000| Untracked 
| 123|0x0000000713a00000, 0x0000000713c00000, 0x0000000713c00000|100%| O|  |TAMS 0x0000000713a00000, 0x0000000713a00000| Untracked 
| 124|0x0000000713c00000, 0x0000000713e00000, 0x0000000713e00000|100%| O|  |TAMS 0x0000000713c00000, 0x0000000713c00000| Untracked 
| 125|0x0000000713e00000, 0x0000000714000000, 0x0000000714000000|100%| O|  |TAMS 0x0000000713e00000, 0x0000000713e00000| Untracked 
| 126|0x0000000714000000, 0x0000000714200000, 0x0000000714200000|100%| O|  |TAMS 0x0000000714000000, 0x0000000714000000| Untracked 
| 127|0x0000000714200000, 0x0000000714400000, 0x0000000714400000|100%| O|  |TAMS 0x0000000714200000, 0x0000000714200000| Untracked 
| 128|0x0000000714400000, 0x0000000714600000, 0x0000000714600000|100%| O|  |TAMS 0x0000000714400000, 0x0000000714400000| Untracked 
| 129|0x0000000714600000, 0x0000000714800000, 0x0000000714800000|100%| O|  |TAMS 0x0000000714600000, 0x0000000714600000| Untracked 
| 130|0x0000000714800000, 0x0000000714a00000, 0x0000000714a00000|100%| O|  |TAMS 0x0000000714800000, 0x0000000714800000| Untracked 
| 131|0x0000000714a00000, 0x0000000714c00000, 0x0000000714c00000|100%| O|  |TAMS 0x0000000714a00000, 0x0000000714a00000| Untracked 
| 132|0x0000000714c00000, 0x0000000714e00000, 0x0000000714e00000|100%| O|  |TAMS 0x0000000714c00000, 0x0000000714c00000| Untracked 
| 133|0x0000000714e00000, 0x0000000715000000, 0x0000000715000000|100%| O|  |TAMS 0x0000000714e00000, 0x0000000714e00000| Untracked 
| 134|0x0000000715000000, 0x0000000715200000, 0x0000000715200000|100%| O|  |TAMS 0x0000000715000000, 0x0000000715000000| Untracked 
| 135|0x0000000715200000, 0x0000000715400000, 0x0000000715400000|100%| O|  |TAMS 0x0000000715200000, 0x0000000715200000| Untracked 
| 136|0x0000000715400000, 0x0000000715600000, 0x0000000715600000|100%| O|  |TAMS 0x0000000715400000, 0x0000000715400000| Untracked 
| 137|0x0000000715600000, 0x0000000715800000, 0x0000000715800000|100%| O|  |TAMS 0x0000000715600000, 0x0000000715600000| Untracked 
| 138|0x0000000715800000, 0x0000000715a00000, 0x0000000715a00000|100%| O|  |TAMS 0x0000000715800000, 0x0000000715800000| Untracked 
| 139|0x0000000715a00000, 0x0000000715c00000, 0x0000000715c00000|100%| O|  |TAMS 0x0000000715a00000, 0x0000000715a00000| Untracked 
| 140|0x0000000715c00000, 0x0000000715e00000, 0x0000000715e00000|100%| O|  |TAMS 0x0000000715c00000, 0x0000000715c00000| Untracked 
| 141|0x0000000715e00000, 0x0000000716000000, 0x0000000716000000|100%| O|  |TAMS 0x0000000715e00000, 0x0000000715e00000| Untracked 
| 142|0x0000000716000000, 0x0000000716200000, 0x0000000716200000|100%| O|  |TAMS 0x0000000716000000, 0x0000000716000000| Untracked 
| 143|0x0000000716200000, 0x0000000716400000, 0x0000000716400000|100%| O|  |TAMS 0x0000000716200000, 0x0000000716200000| Untracked 
| 144|0x0000000716400000, 0x0000000716600000, 0x0000000716600000|100%| O|  |TAMS 0x0000000716400000, 0x0000000716400000| Untracked 
| 145|0x0000000716600000, 0x0000000716800000, 0x0000000716800000|100%| O|  |TAMS 0x0000000716600000, 0x0000000716600000| Untracked 
| 146|0x0000000716800000, 0x0000000716a00000, 0x0000000716a00000|100%| O|  |TAMS 0x0000000716800000, 0x0000000716800000| Untracked 
| 147|0x0000000716a00000, 0x0000000716c00000, 0x0000000716c00000|100%| O|  |TAMS 0x0000000716a00000, 0x0000000716a00000| Untracked 
| 148|0x0000000716c00000, 0x0000000716e00000, 0x0000000716e00000|100%| O|  |TAMS 0x0000000716c00000, 0x0000000716c00000| Untracked 
| 149|0x0000000716e00000, 0x0000000717000000, 0x0000000717000000|100%| O|  |TAMS 0x0000000716e00000, 0x0000000716e00000| Untracked 
| 150|0x0000000717000000, 0x0000000717200000, 0x0000000717200000|100%|HS|  |TAMS 0x0000000717000000, 0x0000000717000000| Complete 
| 151|0x0000000717200000, 0x0000000717400000, 0x0000000717400000|100%|HC|  |TAMS 0x0000000717200000, 0x0000000717200000| Complete 
| 152|0x0000000717400000, 0x0000000717600000, 0x0000000717600000|100%| O|  |TAMS 0x0000000717400000, 0x0000000717400000| Untracked 
| 153|0x0000000717600000, 0x0000000717800000, 0x0000000717800000|100%| O|  |TAMS 0x0000000717600000, 0x0000000717600000| Untracked 
| 154|0x0000000717800000, 0x0000000717a00000, 0x0000000717a00000|100%| O|  |TAMS 0x0000000717800000, 0x0000000717800000| Untracked 
| 155|0x0000000717a00000, 0x0000000717c00000, 0x0000000717c00000|100%| O|  |TAMS 0x0000000717a00000, 0x0000000717a00000| Untracked 
| 156|0x0000000717c00000, 0x0000000717e00000, 0x0000000717e00000|100%| O|  |TAMS 0x0000000717c00000, 0x0000000717c00000| Untracked 
| 157|0x0000000717e00000, 0x0000000718000000, 0x0000000718000000|100%| O|  |TAMS 0x0000000717e00000, 0x0000000717e00000| Untracked 
| 158|0x0000000718000000, 0x0000000718200000, 0x0000000718200000|100%| O|  |TAMS 0x0000000718000000, 0x0000000718000000| Untracked 
| 159|0x0000000718200000, 0x0000000718400000, 0x0000000718400000|100%| O|  |TAMS 0x0000000718200000, 0x0000000718200000| Untracked 
| 160|0x0000000718400000, 0x0000000718600000, 0x0000000718600000|100%| O|  |TAMS 0x0000000718400000, 0x0000000718400000| Untracked 
| 161|0x0000000718600000, 0x0000000718800000, 0x0000000718800000|100%| O|  |TAMS 0x0000000718600000, 0x0000000718600000| Untracked 
| 162|0x0000000718800000, 0x0000000718a00000, 0x0000000718a00000|100%| O|  |TAMS 0x0000000718800000, 0x0000000718800000| Untracked 
| 163|0x0000000718a00000, 0x0000000718c00000, 0x0000000718c00000|100%| O|  |TAMS 0x0000000718a00000, 0x0000000718a00000| Untracked 
| 164|0x0000000718c00000, 0x0000000718e00000, 0x0000000718e00000|100%| O|  |TAMS 0x0000000718c00000, 0x0000000718c00000| Untracked 
| 165|0x0000000718e00000, 0x0000000719000000, 0x0000000719000000|100%| O|  |TAMS 0x0000000718e00000, 0x0000000718e00000| Untracked 
| 166|0x0000000719000000, 0x0000000719200000, 0x0000000719200000|100%| O|  |TAMS 0x0000000719000000, 0x0000000719000000| Untracked 
| 167|0x0000000719200000, 0x0000000719400000, 0x0000000719400000|100%| O|  |TAMS 0x0000000719200000, 0x0000000719200000| Untracked 
| 168|0x0000000719400000, 0x0000000719600000, 0x0000000719600000|100%| O|  |TAMS 0x0000000719400000, 0x0000000719400000| Untracked 
| 169|0x0000000719600000, 0x0000000719800000, 0x0000000719800000|100%| O|  |TAMS 0x0000000719600000, 0x0000000719600000| Untracked 
| 170|0x0000000719800000, 0x0000000719a00000, 0x0000000719a00000|100%| O|  |TAMS 0x0000000719800000, 0x0000000719800000| Untracked 
| 171|0x0000000719a00000, 0x0000000719c00000, 0x0000000719c00000|100%| O|  |TAMS 0x0000000719a00000, 0x0000000719a00000| Untracked 
| 172|0x0000000719c00000, 0x0000000719e00000, 0x0000000719e00000|100%| O|  |TAMS 0x0000000719c00000, 0x0000000719c00000| Untracked 
| 173|0x0000000719e00000, 0x000000071a000000, 0x000000071a000000|100%| O|  |TAMS 0x0000000719e00000, 0x0000000719e00000| Untracked 
| 174|0x000000071a000000, 0x000000071a200000, 0x000000071a200000|100%| O|  |TAMS 0x000000071a000000, 0x000000071a000000| Untracked 
| 175|0x000000071a200000, 0x000000071a400000, 0x000000071a400000|100%| O|  |TAMS 0x000000071a200000, 0x000000071a200000| Untracked 
| 176|0x000000071a400000, 0x000000071a600000, 0x000000071a600000|100%| O|  |TAMS 0x000000071a400000, 0x000000071a400000| Untracked 
| 177|0x000000071a600000, 0x000000071a800000, 0x000000071a800000|100%| O|  |TAMS 0x000000071a600000, 0x000000071a600000| Untracked 
| 178|0x000000071a800000, 0x000000071a800000, 0x000000071aa00000|  0%| F|  |TAMS 0x000000071a800000, 0x000000071a800000| Untracked 
| 179|0x000000071aa00000, 0x000000071aa00000, 0x000000071ac00000|  0%| F|  |TAMS 0x000000071aa00000, 0x000000071aa00000| Untracked 
| 180|0x000000071ac00000, 0x000000071ac00000, 0x000000071ae00000|  0%| F|  |TAMS 0x000000071ac00000, 0x000000071ac00000| Untracked 
| 181|0x000000071ae00000, 0x000000071ae00000, 0x000000071b000000|  0%| F|  |TAMS 0x000000071ae00000, 0x000000071ae00000| Untracked 
| 182|0x000000071b000000, 0x000000071b000000, 0x000000071b200000|  0%| F|  |TAMS 0x000000071b000000, 0x000000071b000000| Untracked 
| 183|0x000000071b200000, 0x000000071b200000, 0x000000071b400000|  0%| F|  |TAMS 0x000000071b200000, 0x000000071b200000| Untracked 
| 184|0x000000071b400000, 0x000000071b400000, 0x000000071b600000|  0%| F|  |TAMS 0x000000071b400000, 0x000000071b400000| Untracked 
| 185|0x000000071b600000, 0x000000071b600000, 0x000000071b800000|  0%| F|  |TAMS 0x000000071b600000, 0x000000071b600000| Untracked 
| 186|0x000000071b800000, 0x000000071b800000, 0x000000071ba00000|  0%| F|  |TAMS 0x000000071b800000, 0x000000071b800000| Untracked 
| 187|0x000000071ba00000, 0x000000071ba00000, 0x000000071bc00000|  0%| F|  |TAMS 0x000000071ba00000, 0x000000071ba00000| Untracked 
| 188|0x000000071bc00000, 0x000000071bc00000, 0x000000071be00000|  0%| F|  |TAMS 0x000000071bc00000, 0x000000071bc00000| Untracked 
| 189|0x000000071be00000, 0x000000071be00000, 0x000000071c000000|  0%| F|  |TAMS 0x000000071be00000, 0x000000071be00000| Untracked 
| 190|0x000000071c000000, 0x000000071c000000, 0x000000071c200000|  0%| F|  |TAMS 0x000000071c000000, 0x000000071c000000| Untracked 
| 191|0x000000071c200000, 0x000000071c200000, 0x000000071c400000|  0%| F|  |TAMS 0x000000071c200000, 0x000000071c200000| Untracked 
| 192|0x000000071c400000, 0x000000071c400000, 0x000000071c600000|  0%| F|  |TAMS 0x000000071c400000, 0x000000071c400000| Untracked 
| 193|0x000000071c600000, 0x000000071c600000, 0x000000071c800000|  0%| F|  |TAMS 0x000000071c600000, 0x000000071c600000| Untracked 
| 194|0x000000071c800000, 0x000000071c800000, 0x000000071ca00000|  0%| F|  |TAMS 0x000000071c800000, 0x000000071c800000| Untracked 
| 195|0x000000071ca00000, 0x000000071ca00000, 0x000000071cc00000|  0%| F|  |TAMS 0x000000071ca00000, 0x000000071ca00000| Untracked 
| 196|0x000000071cc00000, 0x000000071cc00000, 0x000000071ce00000|  0%| F|  |TAMS 0x000000071cc00000, 0x000000071cc00000| Untracked 
| 197|0x000000071ce00000, 0x000000071ce00000, 0x000000071d000000|  0%| F|  |TAMS 0x000000071ce00000, 0x000000071ce00000| Untracked 
| 198|0x000000071d000000, 0x000000071d000000, 0x000000071d200000|  0%| F|  |TAMS 0x000000071d000000, 0x000000071d000000| Untracked 
| 199|0x000000071d200000, 0x000000071d200000, 0x000000071d400000|  0%| F|  |TAMS 0x000000071d200000, 0x000000071d200000| Untracked 
| 200|0x000000071d400000, 0x000000071d400000, 0x000000071d600000|  0%| F|  |TAMS 0x000000071d400000, 0x000000071d400000| Untracked 
| 201|0x000000071d600000, 0x000000071d600000, 0x000000071d800000|  0%| F|  |TAMS 0x000000071d600000, 0x000000071d600000| Untracked 
| 202|0x000000071d800000, 0x000000071d800000, 0x000000071da00000|  0%| F|  |TAMS 0x000000071d800000, 0x000000071d800000| Untracked 
| 203|0x000000071da00000, 0x000000071da00000, 0x000000071dc00000|  0%| F|  |TAMS 0x000000071da00000, 0x000000071da00000| Untracked 
| 204|0x000000071dc00000, 0x000000071dc00000, 0x000000071de00000|  0%| F|  |TAMS 0x000000071dc00000, 0x000000071dc00000| Untracked 
| 205|0x000000071de00000, 0x000000071de00000, 0x000000071e000000|  0%| F|  |TAMS 0x000000071de00000, 0x000000071de00000| Untracked 
| 206|0x000000071e000000, 0x000000071e000000, 0x000000071e200000|  0%| F|  |TAMS 0x000000071e000000, 0x000000071e000000| Untracked 
| 207|0x000000071e200000, 0x000000071e200000, 0x000000071e400000|  0%| F|  |TAMS 0x000000071e200000, 0x000000071e200000| Untracked 
| 208|0x000000071e400000, 0x000000071e400000, 0x000000071e600000|  0%| F|  |TAMS 0x000000071e400000, 0x000000071e400000| Untracked 
| 209|0x000000071e600000, 0x000000071e600000, 0x000000071e800000|  0%| F|  |TAMS 0x000000071e600000, 0x000000071e600000| Untracked 
| 210|0x000000071e800000, 0x000000071e800000, 0x000000071ea00000|  0%| F|  |TAMS 0x000000071e800000, 0x000000071e800000| Untracked 
| 211|0x000000071ea00000, 0x000000071ea00000, 0x000000071ec00000|  0%| F|  |TAMS 0x000000071ea00000, 0x000000071ea00000| Untracked 
| 212|0x000000071ec00000, 0x000000071ec00000, 0x000000071ee00000|  0%| F|  |TAMS 0x000000071ec00000, 0x000000071ec00000| Untracked 
| 213|0x000000071ee00000, 0x000000071ee00000, 0x000000071f000000|  0%| F|  |TAMS 0x000000071ee00000, 0x000000071ee00000| Untracked 
| 214|0x000000071f000000, 0x000000071f000000, 0x000000071f200000|  0%| F|  |TAMS 0x000000071f000000, 0x000000071f000000| Untracked 
| 215|0x000000071f200000, 0x000000071f200000, 0x000000071f400000|  0%| F|  |TAMS 0x000000071f200000, 0x000000071f200000| Untracked 
| 216|0x000000071f400000, 0x000000071f400000, 0x000000071f600000|  0%| F|  |TAMS 0x000000071f400000, 0x000000071f400000| Untracked 
| 217|0x000000071f600000, 0x000000071f600000, 0x000000071f800000|  0%| F|  |TAMS 0x000000071f600000, 0x000000071f600000| Untracked 
| 218|0x000000071f800000, 0x000000071f800000, 0x000000071fa00000|  0%| F|  |TAMS 0x000000071f800000, 0x000000071f800000| Untracked 
| 219|0x000000071fa00000, 0x000000071fa00000, 0x000000071fc00000|  0%| F|  |TAMS 0x000000071fa00000, 0x000000071fa00000| Untracked 
| 220|0x000000071fc00000, 0x000000071fc00000, 0x000000071fe00000|  0%| F|  |TAMS 0x000000071fc00000, 0x000000071fc00000| Untracked 
| 221|0x000000071fe00000, 0x000000071fe00000, 0x0000000720000000|  0%| F|  |TAMS 0x000000071fe00000, 0x000000071fe00000| Untracked 
| 222|0x0000000720000000, 0x0000000720000000, 0x0000000720200000|  0%| F|  |TAMS 0x0000000720000000, 0x0000000720000000| Untracked 
| 223|0x0000000720200000, 0x0000000720200000, 0x0000000720400000|  0%| F|  |TAMS 0x0000000720200000, 0x0000000720200000| Untracked 
| 224|0x0000000720400000, 0x0000000720400000, 0x0000000720600000|  0%| F|  |TAMS 0x0000000720400000, 0x0000000720400000| Untracked 
| 225|0x0000000720600000, 0x0000000720600000, 0x0000000720800000|  0%| F|  |TAMS 0x0000000720600000, 0x0000000720600000| Untracked 
| 226|0x0000000720800000, 0x0000000720800000, 0x0000000720a00000|  0%| F|  |TAMS 0x0000000720800000, 0x0000000720800000| Untracked 
| 227|0x0000000720a00000, 0x0000000720a00000, 0x0000000720c00000|  0%| F|  |TAMS 0x0000000720a00000, 0x0000000720a00000| Untracked 
| 228|0x0000000720c00000, 0x0000000720c00000, 0x0000000720e00000|  0%| F|  |TAMS 0x0000000720c00000, 0x0000000720c00000| Untracked 
| 229|0x0000000720e00000, 0x0000000720e00000, 0x0000000721000000|  0%| F|  |TAMS 0x0000000720e00000, 0x0000000720e00000| Untracked 
| 230|0x0000000721000000, 0x0000000721000000, 0x0000000721200000|  0%| F|  |TAMS 0x0000000721000000, 0x0000000721000000| Untracked 
| 231|0x0000000721200000, 0x0000000721200000, 0x0000000721400000|  0%| F|  |TAMS 0x0000000721200000, 0x0000000721200000| Untracked 
| 232|0x0000000721400000, 0x0000000721400000, 0x0000000721600000|  0%| F|  |TAMS 0x0000000721400000, 0x0000000721400000| Untracked 
| 233|0x0000000721600000, 0x0000000721600000, 0x0000000721800000|  0%| F|  |TAMS 0x0000000721600000, 0x0000000721600000| Untracked 
| 234|0x0000000721800000, 0x0000000721800000, 0x0000000721a00000|  0%| F|  |TAMS 0x0000000721800000, 0x0000000721800000| Untracked 
| 235|0x0000000721a00000, 0x0000000721a00000, 0x0000000721c00000|  0%| F|  |TAMS 0x0000000721a00000, 0x0000000721a00000| Untracked 
| 236|0x0000000721c00000, 0x0000000721c00000, 0x0000000721e00000|  0%| F|  |TAMS 0x0000000721c00000, 0x0000000721c00000| Untracked 
| 237|0x0000000721e00000, 0x0000000721e00000, 0x0000000722000000|  0%| F|  |TAMS 0x0000000721e00000, 0x0000000721e00000| Untracked 
| 238|0x0000000722000000, 0x0000000722000000, 0x0000000722200000|  0%| F|  |TAMS 0x0000000722000000, 0x0000000722000000| Untracked 
| 239|0x0000000722200000, 0x0000000722200000, 0x0000000722400000|  0%| F|  |TAMS 0x0000000722200000, 0x0000000722200000| Untracked 
| 240|0x0000000722400000, 0x0000000722400000, 0x0000000722600000|  0%| F|  |TAMS 0x0000000722400000, 0x0000000722400000| Untracked 
| 241|0x0000000722600000, 0x0000000722600000, 0x0000000722800000|  0%| F|  |TAMS 0x0000000722600000, 0x0000000722600000| Untracked 
| 242|0x0000000722800000, 0x0000000722800000, 0x0000000722a00000|  0%| F|  |TAMS 0x0000000722800000, 0x0000000722800000| Untracked 
| 243|0x0000000722a00000, 0x0000000722a00000, 0x0000000722c00000|  0%| F|  |TAMS 0x0000000722a00000, 0x0000000722a00000| Untracked 
| 244|0x0000000722c00000, 0x0000000722c00000, 0x0000000722e00000|  0%| F|  |TAMS 0x0000000722c00000, 0x0000000722c00000| Untracked 
| 245|0x0000000722e00000, 0x0000000722e00000, 0x0000000723000000|  0%| F|  |TAMS 0x0000000722e00000, 0x0000000722e00000| Untracked 
| 246|0x0000000723000000, 0x0000000723000000, 0x0000000723200000|  0%| F|  |TAMS 0x0000000723000000, 0x0000000723000000| Untracked 
| 247|0x0000000723200000, 0x0000000723400000, 0x0000000723400000|100%| S|CS|TAMS 0x0000000723200000, 0x0000000723200000| Complete 
| 248|0x0000000723400000, 0x0000000723600000, 0x0000000723600000|100%| S|CS|TAMS 0x0000000723400000, 0x0000000723400000| Complete 
| 249|0x0000000723600000, 0x0000000723800000, 0x0000000723800000|100%| S|CS|TAMS 0x0000000723600000, 0x0000000723600000| Complete 
| 250|0x0000000723800000, 0x0000000723a00000, 0x0000000723a00000|100%| S|CS|TAMS 0x0000000723800000, 0x0000000723800000| Complete 
| 251|0x0000000723a00000, 0x0000000723c00000, 0x0000000723c00000|100%| S|CS|TAMS 0x0000000723a00000, 0x0000000723a00000| Complete 
| 252|0x0000000723c00000, 0x0000000723e00000, 0x0000000723e00000|100%| S|CS|TAMS 0x0000000723c00000, 0x0000000723c00000| Complete 
| 253|0x0000000723e00000, 0x0000000724000000, 0x0000000724000000|100%| S|CS|TAMS 0x0000000723e00000, 0x0000000723e00000| Complete 
| 254|0x0000000724000000, 0x0000000724200000, 0x0000000724200000|100%| S|CS|TAMS 0x0000000724000000, 0x0000000724000000| Complete 
| 255|0x0000000724200000, 0x0000000724400000, 0x0000000724400000|100%| S|CS|TAMS 0x0000000724200000, 0x0000000724200000| Complete 
| 256|0x0000000724400000, 0x0000000724600000, 0x0000000724600000|100%| S|CS|TAMS 0x0000000724400000, 0x0000000724400000| Complete 
| 257|0x0000000724600000, 0x0000000724600000, 0x0000000724800000|  0%| F|  |TAMS 0x0000000724600000, 0x0000000724600000| Untracked 
| 258|0x0000000724800000, 0x0000000724800000, 0x0000000724a00000|  0%| F|  |TAMS 0x0000000724800000, 0x0000000724800000| Untracked 
| 259|0x0000000724a00000, 0x0000000724a00000, 0x0000000724c00000|  0%| F|  |TAMS 0x0000000724a00000, 0x0000000724a00000| Untracked 
| 260|0x0000000724c00000, 0x0000000724c00000, 0x0000000724e00000|  0%| F|  |TAMS 0x0000000724c00000, 0x0000000724c00000| Untracked 
| 261|0x0000000724e00000, 0x0000000724e00000, 0x0000000725000000|  0%| F|  |TAMS 0x0000000724e00000, 0x0000000724e00000| Untracked 
| 262|0x0000000725000000, 0x0000000725000000, 0x0000000725200000|  0%| F|  |TAMS 0x0000000725000000, 0x0000000725000000| Untracked 
| 263|0x0000000725200000, 0x0000000725200000, 0x0000000725400000|  0%| F|  |TAMS 0x0000000725200000, 0x0000000725200000| Untracked 
| 264|0x0000000725400000, 0x0000000725400000, 0x0000000725600000|  0%| F|  |TAMS 0x0000000725400000, 0x0000000725400000| Untracked 
| 265|0x0000000725600000, 0x0000000725600000, 0x0000000725800000|  0%| F|  |TAMS 0x0000000725600000, 0x0000000725600000| Untracked 
| 266|0x0000000725800000, 0x0000000725800000, 0x0000000725a00000|  0%| F|  |TAMS 0x0000000725800000, 0x0000000725800000| Untracked 
| 267|0x0000000725a00000, 0x0000000725a00000, 0x0000000725c00000|  0%| F|  |TAMS 0x0000000725a00000, 0x0000000725a00000| Untracked 
| 268|0x0000000725c00000, 0x0000000725c00000, 0x0000000725e00000|  0%| F|  |TAMS 0x0000000725c00000, 0x0000000725c00000| Untracked 
| 269|0x0000000725e00000, 0x0000000725e00000, 0x0000000726000000|  0%| F|  |TAMS 0x0000000725e00000, 0x0000000725e00000| Untracked 
| 270|0x0000000726000000, 0x0000000726000000, 0x0000000726200000|  0%| F|  |TAMS 0x0000000726000000, 0x0000000726000000| Untracked 
| 271|0x0000000726200000, 0x0000000726200000, 0x0000000726400000|  0%| F|  |TAMS 0x0000000726200000, 0x0000000726200000| Untracked 
| 272|0x0000000726400000, 0x0000000726400000, 0x0000000726600000|  0%| F|  |TAMS 0x0000000726400000, 0x0000000726400000| Untracked 
| 273|0x0000000726600000, 0x0000000726600000, 0x0000000726800000|  0%| F|  |TAMS 0x0000000726600000, 0x0000000726600000| Untracked 
| 274|0x0000000726800000, 0x0000000726800000, 0x0000000726a00000|  0%| F|  |TAMS 0x0000000726800000, 0x0000000726800000| Untracked 
| 275|0x0000000726a00000, 0x0000000726a00000, 0x0000000726c00000|  0%| F|  |TAMS 0x0000000726a00000, 0x0000000726a00000| Untracked 
| 276|0x0000000726c00000, 0x0000000726c00000, 0x0000000726e00000|  0%| F|  |TAMS 0x0000000726c00000, 0x0000000726c00000| Untracked 
| 277|0x0000000726e00000, 0x0000000726e00000, 0x0000000727000000|  0%| F|  |TAMS 0x0000000726e00000, 0x0000000726e00000| Untracked 
| 278|0x0000000727000000, 0x0000000727000000, 0x0000000727200000|  0%| F|  |TAMS 0x0000000727000000, 0x0000000727000000| Untracked 
| 279|0x0000000727200000, 0x0000000727200000, 0x0000000727400000|  0%| F|  |TAMS 0x0000000727200000, 0x0000000727200000| Untracked 
| 280|0x0000000727400000, 0x0000000727400000, 0x0000000727600000|  0%| F|  |TAMS 0x0000000727400000, 0x0000000727400000| Untracked 
| 281|0x0000000727600000, 0x0000000727600000, 0x0000000727800000|  0%| F|  |TAMS 0x0000000727600000, 0x0000000727600000| Untracked 
| 282|0x0000000727800000, 0x0000000727800000, 0x0000000727a00000|  0%| F|  |TAMS 0x0000000727800000, 0x0000000727800000| Untracked 
| 283|0x0000000727a00000, 0x0000000727a00000, 0x0000000727c00000|  0%| F|  |TAMS 0x0000000727a00000, 0x0000000727a00000| Untracked 
| 284|0x0000000727c00000, 0x0000000727c00000, 0x0000000727e00000|  0%| F|  |TAMS 0x0000000727c00000, 0x0000000727c00000| Untracked 
| 285|0x0000000727e00000, 0x0000000727e00000, 0x0000000728000000|  0%| F|  |TAMS 0x0000000727e00000, 0x0000000727e00000| Untracked 
| 286|0x0000000728000000, 0x0000000728000000, 0x0000000728200000|  0%| F|  |TAMS 0x0000000728000000, 0x0000000728000000| Untracked 
| 287|0x0000000728200000, 0x0000000728200000, 0x0000000728400000|  0%| F|  |TAMS 0x0000000728200000, 0x0000000728200000| Untracked 
| 288|0x0000000728400000, 0x0000000728400000, 0x0000000728600000|  0%| F|  |TAMS 0x0000000728400000, 0x0000000728400000| Untracked 
| 289|0x0000000728600000, 0x0000000728600000, 0x0000000728800000|  0%| F|  |TAMS 0x0000000728600000, 0x0000000728600000| Untracked 
| 290|0x0000000728800000, 0x0000000728800000, 0x0000000728a00000|  0%| F|  |TAMS 0x0000000728800000, 0x0000000728800000| Untracked 
| 291|0x0000000728a00000, 0x0000000728a00000, 0x0000000728c00000|  0%| F|  |TAMS 0x0000000728a00000, 0x0000000728a00000| Untracked 
| 292|0x0000000728c00000, 0x0000000728c00000, 0x0000000728e00000|  0%| F|  |TAMS 0x0000000728c00000, 0x0000000728c00000| Untracked 
| 293|0x0000000728e00000, 0x0000000728e00000, 0x0000000729000000|  0%| F|  |TAMS 0x0000000728e00000, 0x0000000728e00000| Untracked 
| 294|0x0000000729000000, 0x0000000729000000, 0x0000000729200000|  0%| F|  |TAMS 0x0000000729000000, 0x0000000729000000| Untracked 
| 295|0x0000000729200000, 0x0000000729200000, 0x0000000729400000|  0%| F|  |TAMS 0x0000000729200000, 0x0000000729200000| Untracked 
| 296|0x0000000729400000, 0x0000000729400000, 0x0000000729600000|  0%| F|  |TAMS 0x0000000729400000, 0x0000000729400000| Untracked 
| 297|0x0000000729600000, 0x0000000729600000, 0x0000000729800000|  0%| F|  |TAMS 0x0000000729600000, 0x0000000729600000| Untracked 
| 298|0x0000000729800000, 0x0000000729800000, 0x0000000729a00000|  0%| F|  |TAMS 0x0000000729800000, 0x0000000729800000| Untracked 
| 299|0x0000000729a00000, 0x0000000729a00000, 0x0000000729c00000|  0%| F|  |TAMS 0x0000000729a00000, 0x0000000729a00000| Untracked 
| 300|0x0000000729c00000, 0x0000000729c00000, 0x0000000729e00000|  0%| F|  |TAMS 0x0000000729c00000, 0x0000000729c00000| Untracked 
| 301|0x0000000729e00000, 0x0000000729e00000, 0x000000072a000000|  0%| F|  |TAMS 0x0000000729e00000, 0x0000000729e00000| Untracked 
| 302|0x000000072a000000, 0x000000072a000000, 0x000000072a200000|  0%| F|  |TAMS 0x000000072a000000, 0x000000072a000000| Untracked 
| 303|0x000000072a200000, 0x000000072a200000, 0x000000072a400000|  0%| F|  |TAMS 0x000000072a200000, 0x000000072a200000| Untracked 
| 304|0x000000072a400000, 0x000000072a400000, 0x000000072a600000|  0%| F|  |TAMS 0x000000072a400000, 0x000000072a400000| Untracked 
| 305|0x000000072a600000, 0x000000072a600000, 0x000000072a800000|  0%| F|  |TAMS 0x000000072a600000, 0x000000072a600000| Untracked 
| 306|0x000000072a800000, 0x000000072a800000, 0x000000072aa00000|  0%| F|  |TAMS 0x000000072a800000, 0x000000072a800000| Untracked 
| 307|0x000000072aa00000, 0x000000072aa00000, 0x000000072ac00000|  0%| F|  |TAMS 0x000000072aa00000, 0x000000072aa00000| Untracked 
| 308|0x000000072ac00000, 0x000000072ac00000, 0x000000072ae00000|  0%| F|  |TAMS 0x000000072ac00000, 0x000000072ac00000| Untracked 
| 309|0x000000072ae00000, 0x000000072ae00000, 0x000000072b000000|  0%| F|  |TAMS 0x000000072ae00000, 0x000000072ae00000| Untracked 
| 310|0x000000072b000000, 0x000000072b000000, 0x000000072b200000|  0%| F|  |TAMS 0x000000072b000000, 0x000000072b000000| Untracked 
| 311|0x000000072b200000, 0x000000072b200000, 0x000000072b400000|  0%| F|  |TAMS 0x000000072b200000, 0x000000072b200000| Untracked 
| 312|0x000000072b400000, 0x000000072b400000, 0x000000072b600000|  0%| F|  |TAMS 0x000000072b400000, 0x000000072b400000| Untracked 
| 313|0x000000072b600000, 0x000000072b600000, 0x000000072b800000|  0%| F|  |TAMS 0x000000072b600000, 0x000000072b600000| Untracked 
| 314|0x000000072b800000, 0x000000072b800000, 0x000000072ba00000|  0%| F|  |TAMS 0x000000072b800000, 0x000000072b800000| Untracked 
| 315|0x000000072ba00000, 0x000000072ba00000, 0x000000072bc00000|  0%| F|  |TAMS 0x000000072ba00000, 0x000000072ba00000| Untracked 
| 316|0x000000072bc00000, 0x000000072bc00000, 0x000000072be00000|  0%| F|  |TAMS 0x000000072bc00000, 0x000000072bc00000| Untracked 
| 317|0x000000072be00000, 0x000000072be00000, 0x000000072c000000|  0%| F|  |TAMS 0x000000072be00000, 0x000000072be00000| Untracked 
| 318|0x000000072c000000, 0x000000072c000000, 0x000000072c200000|  0%| F|  |TAMS 0x000000072c000000, 0x000000072c000000| Untracked 
| 319|0x000000072c200000, 0x000000072c200000, 0x000000072c400000|  0%| F|  |TAMS 0x000000072c200000, 0x000000072c200000| Untracked 

Card table byte_map: [0x000001f821950000,0x000001f822130000] _byte_map_base: 0x000001f81e12e000

Marking Bits (Prev, Next): (CMBitMap*) 0x000001f816063340, (CMBitMap*) 0x000001f816063380
 Prev Bits: [0x000001f822910000, 0x000001f826800000)
 Next Bits: [0x000001f826800000, 0x000001f82a6f0000)

Polling page: 0x000001f8147d0000

Metaspace:

Usage:
  Non-class:     69.16 MB used.
      Class:     11.56 MB used.
       Both:     80.72 MB used.

Virtual space:
  Non-class space:       72.00 MB reserved,      69.56 MB ( 97%) committed,  9 nodes.
      Class space:        1.00 GB reserved,      11.88 MB (  1%) committed,  1 nodes.
             Both:        1.07 GB reserved,      81.44 MB (  7%) committed. 

Chunk freelists:
   Non-Class:  2.36 MB
       Class:  161.00 KB
        Both:  2.52 MB

MaxMetaspaceSize: unlimited
CompressedClassSpaceSize: 1.00 GB
Initial GC threshold: 21.00 MB
Current GC threshold: 135.75 MB
CDS: on
MetaspaceReclaimPolicy: balanced
 - commit_granule_bytes: 65536.
 - commit_granule_words: 8192.
 - virtual_space_node_default_size: 1048576.
 - enlarge_chunks_in_place: 1.
 - new_chunks_are_fully_committed: 0.
 - uncommit_free_chunks: 1.
 - use_allocation_guard: 0.
 - handle_deallocations: 1.


Internal statistics:

num_allocs_failed_limit: 12.
num_arena_births: 1030.
num_arena_deaths: 0.
num_vsnodes_births: 10.
num_vsnodes_deaths: 0.
num_space_committed: 1303.
num_space_uncommitted: 0.
num_chunks_returned_to_freelist: 12.
num_chunks_taken_from_freelist: 4109.
num_chunk_merges: 9.
num_chunk_splits: 3002.
num_chunks_enlarged: 2318.
num_purges: 0.
num_inconsistent_stats: 0.

CodeCache: size=49152Kb used=15176Kb max_used=16825Kb free=33975Kb
 bounds [0x000001f81d8f0000, 0x000001f81e960000, 0x000001f8208f0000]
 total_blobs=9595 nmethods=8898 adapters=623
 compilation: enabled
              stopped_count=0, restarted_count=0
 full_count=0

Compilation events (20 events):
Event: 14.313 Thread 0x000001f82a94d620 8889       1       java.io.ObjectStreamClass$FieldReflectorKey::equals (78 bytes)
Event: 14.313 Thread 0x000001f82a94d620 nmethod 8889 0x000001f81deeda90 code [0x000001f81deedc60, 0x000001f81deedf58]
Event: 14.483 Thread 0x000001f82a94d620 8890       1       java.lang.Long::hashCode (8 bytes)
Event: 14.483 Thread 0x000001f82a94d620 nmethod 8890 0x000001f81deed790 code [0x000001f81deed920, 0x000001f81deed9f8]
Event: 15.321 Thread 0x000001f82a94d620 8893   !   1       java.io.ObjectStreamClass::readNonProxy (401 bytes)
Event: 15.323 Thread 0x000001f82a94d620 nmethod 8893 0x000001f81deeb290 code [0x000001f81deeb660, 0x000001f81deecb38]
Event: 15.323 Thread 0x000001f82a94d620 8891   !   1       java.io.ObjectInputStream::readNonProxyDesc (322 bytes)
Event: 15.324 Thread 0x000001f82a94d620 nmethod 8891 0x000001f81dee8b10 code [0x000001f81dee8ee0, 0x000001f81deea208]
Event: 15.324 Thread 0x000001f82a94d620 8892       1       java.io.ObjectInputStream::readClassDescriptor (15 bytes)
Event: 15.324 Thread 0x000001f82a94d620 nmethod 8892 0x000001f81dee8790 code [0x000001f81dee8920, 0x000001f81dee8a88]
Event: 15.324 Thread 0x000001f82a94d620 8894       1       java.io.ObjectInputStream::isCustomSubclass (21 bytes)
Event: 15.325 Thread 0x000001f82a94d620 nmethod 8894 0x000001f81dee8190 code [0x000001f81dee8340, 0x000001f81dee8598]
Event: 15.325 Thread 0x000001f82a94d620 8895   !   1       sun.rmi.server.MarshalInputStream::resolveClass (105 bytes)
Event: 15.325 Thread 0x000001f82a94d620 nmethod 8895 0x000001f81dee7310 code [0x000001f81dee7560, 0x000001f81dee7bc8]
Event: 15.325 Thread 0x000001f82a94d620 8896       1       sun.rmi.server.MarshalInputStream::readLocation (5 bytes)
Event: 15.325 Thread 0x000001f82a94d620 nmethod 8896 0x000001f81dee7010 code [0x000001f81dee71a0, 0x000001f81dee7288]
Event: 15.325 Thread 0x000001f82a94d620 8897       1       java.io.ObjectStreamClass::getLocalDesc (9 bytes)
Event: 15.325 Thread 0x000001f82a94d620 nmethod 8897 0x000001f81dee6c10 code [0x000001f81dee6da0, 0x000001f81dee6f08]
Event: 15.325 Thread 0x000001f82a94d620 8898       1       java.io.ObjectInputFilter$Config::getSerialFilterFactory (20 bytes)
Event: 15.325 Thread 0x000001f82a94d620 nmethod 8898 0x000001f81dee6890 code [0x000001f81dee6a20, 0x000001f81dee6b88]

GC Heap History (20 events):
Event: 13.301 GC heap after
{Heap after GC invocations=26 (full 0):
 garbage-first heap   total 282624K, used 106248K [0x0000000704400000, 0x0000000800000000)
  region size 2048K, 3 young (6144K), 3 survivors (6144K)
 Metaspace       used 82658K, committed 83392K, reserved 1122304K
  class space    used 11834K, committed 12160K, reserved 1048576K
}
Event: 13.490 GC heap before
{Heap before GC invocations=27 (full 0):
 garbage-first heap   total 282624K, used 194312K [0x0000000704400000, 0x0000000800000000)
  region size 2048K, 46 young (94208K), 3 survivors (6144K)
 Metaspace       used 82658K, committed 83392K, reserved 1122304K
  class space    used 11834K, committed 12160K, reserved 1048576K
}
Event: 13.507 GC heap after
{Heap after GC invocations=28 (full 0):
 garbage-first heap   total 282624K, used 135521K [0x0000000704400000, 0x0000000800000000)
  region size 2048K, 6 young (12288K), 6 survivors (12288K)
 Metaspace       used 82658K, committed 83392K, reserved 1122304K
  class space    used 11834K, committed 12160K, reserved 1048576K
}
Event: 13.638 GC heap before
{Heap before GC invocations=28 (full 0):
 garbage-first heap   total 282624K, used 203105K [0x0000000704400000, 0x0000000800000000)
  region size 2048K, 38 young (77824K), 6 survivors (12288K)
 Metaspace       used 82658K, committed 83392K, reserved 1122304K
  class space    used 11834K, committed 12160K, reserved 1048576K
}
Event: 13.654 GC heap after
{Heap after GC invocations=29 (full 0):
 garbage-first heap   total 282624K, used 161251K [0x0000000704400000, 0x0000000800000000)
  region size 2048K, 5 young (10240K), 5 survivors (10240K)
 Metaspace       used 82658K, committed 83392K, reserved 1122304K
  class space    used 11834K, committed 12160K, reserved 1048576K
}
Event: 13.736 GC heap before
{Heap before GC invocations=29 (full 0):
 garbage-first heap   total 282624K, used 210403K [0x0000000704400000, 0x0000000800000000)
  region size 2048K, 29 young (59392K), 5 survivors (10240K)
 Metaspace       used 82658K, committed 83392K, reserved 1122304K
  class space    used 11834K, committed 12160K, reserved 1048576K
}
Event: 13.748 GC heap after
{Heap after GC invocations=30 (full 0):
 garbage-first heap   total 282624K, used 174080K [0x0000000704400000, 0x0000000800000000)
  region size 2048K, 4 young (8192K), 4 survivors (8192K)
 Metaspace       used 82658K, committed 83392K, reserved 1122304K
  class space    used 11834K, committed 12160K, reserved 1048576K
}
Event: 13.848 GC heap before
{Heap before GC invocations=30 (full 0):
 garbage-first heap   total 327680K, used 202752K [0x0000000704400000, 0x0000000800000000)
  region size 2048K, 25 young (51200K), 4 survivors (8192K)
 Metaspace       used 82658K, committed 83392K, reserved 1122304K
  class space    used 11834K, committed 12160K, reserved 1048576K
}
Event: 13.859 GC heap after
{Heap after GC invocations=31 (full 0):
 garbage-first heap   total 327680K, used 172409K [0x0000000704400000, 0x0000000800000000)
  region size 2048K, 4 young (8192K), 4 survivors (8192K)
 Metaspace       used 82658K, committed 83392K, reserved 1122304K
  class space    used 11834K, committed 12160K, reserved 1048576K
}
Event: 13.989 GC heap before
{Heap before GC invocations=32 (full 0):
 garbage-first heap   total 327680K, used 239993K [0x0000000704400000, 0x0000000800000000)
  region size 2048K, 37 young (75776K), 4 survivors (8192K)
 Metaspace       used 82659K, committed 83392K, reserved 1122304K
  class space    used 11835K, committed 12160K, reserved 1048576K
}
Event: 14.008 GC heap after
{Heap after GC invocations=33 (full 0):
 garbage-first heap   total 327680K, used 197509K [0x0000000704400000, 0x0000000800000000)
  region size 2048K, 5 young (10240K), 5 survivors (10240K)
 Metaspace       used 82659K, committed 83392K, reserved 1122304K
  class space    used 11835K, committed 12160K, reserved 1048576K
}
Event: 14.016 GC heap before
{Heap before GC invocations=33 (full 0):
 garbage-first heap   total 327680K, used 203653K [0x0000000704400000, 0x0000000800000000)
  region size 2048K, 8 young (16384K), 5 survivors (10240K)
 Metaspace       used 82659K, committed 83392K, reserved 1122304K
  class space    used 11835K, committed 12160K, reserved 1048576K
}
Event: 14.043 GC heap after
{Heap after GC invocations=34 (full 0):
 garbage-first heap   total 655360K, used 169407K [0x0000000704400000, 0x0000000800000000)
  region size 2048K, 1 young (2048K), 1 survivors (2048K)
 Metaspace       used 82659K, committed 83392K, reserved 1122304K
  class space    used 11835K, committed 12160K, reserved 1048576K
}
Event: 14.100 GC heap before
{Heap before GC invocations=34 (full 0):
 garbage-first heap   total 655360K, used 200127K [0x0000000704400000, 0x0000000800000000)
  region size 2048K, 16 young (32768K), 1 survivors (2048K)
 Metaspace       used 82659K, committed 83392K, reserved 1122304K
  class space    used 11835K, committed 12160K, reserved 1048576K
}
Event: 14.108 GC heap after
{Heap after GC invocations=35 (full 0):
 garbage-first heap   total 655360K, used 181195K [0x0000000704400000, 0x0000000800000000)
  region size 2048K, 2 young (4096K), 2 survivors (4096K)
 Metaspace       used 82659K, committed 83392K, reserved 1122304K
  class space    used 11835K, committed 12160K, reserved 1048576K
}
Event: 14.638 GC heap before
{Heap before GC invocations=35 (full 0):
 garbage-first heap   total 655360K, used 410571K [0x0000000704400000, 0x0000000800000000)
  region size 2048K, 111 young (227328K), 2 survivors (4096K)
 Metaspace       used 82659K, committed 83392K, reserved 1122304K
  class space    used 11835K, committed 12160K, reserved 1048576K
}
Event: 14.678 GC heap after
{Heap after GC invocations=36 (full 0):
 garbage-first heap   total 655360K, used 270746K [0x0000000704400000, 0x0000000800000000)
  region size 2048K, 14 young (28672K), 14 survivors (28672K)
 Metaspace       used 82659K, committed 83392K, reserved 1122304K
  class space    used 11835K, committed 12160K, reserved 1048576K
}
Event: 15.078 GC heap before
{Heap before GC invocations=36 (full 0):
 garbage-first heap   total 655360K, used 422298K [0x0000000704400000, 0x0000000800000000)
  region size 2048K, 87 young (178176K), 14 survivors (28672K)
 Metaspace       used 82659K, committed 83392K, reserved 1122304K
  class space    used 11835K, committed 12160K, reserved 1048576K
}
Event: 15.119 GC heap after
{Heap after GC invocations=37 (full 0):
 garbage-first heap   total 655360K, used 329728K [0x0000000704400000, 0x0000000800000000)
  region size 2048K, 11 young (22528K), 11 survivors (22528K)
 Metaspace       used 82659K, committed 83392K, reserved 1122304K
  class space    used 11835K, committed 12160K, reserved 1048576K
}
Event: 15.464 GC heap before
{Heap before GC invocations=37 (full 0):
 garbage-first heap   total 655360K, used 462848K [0x0000000704400000, 0x0000000800000000)
  region size 2048K, 74 young (151552K), 11 survivors (22528K)
 Metaspace       used 82659K, committed 83392K, reserved 1122304K
  class space    used 11835K, committed 12160K, reserved 1048576K
}

Deoptimization events (20 events):
Event: 1.275 Thread 0x000001f81600f8c0 DEOPT PACKING pc=0x000001f81df0ed79 sp=0x000000766acfd1a0
Event: 1.275 Thread 0x000001f81600f8c0 DEOPT UNPACKING pc=0x000001f81d946763 sp=0x000000766acfc680 mode 3
Event: 2.832 Thread 0x000001f81600f8c0 DEOPT PACKING pc=0x000001f81e1679ec sp=0x000000766acfda00
Event: 2.832 Thread 0x000001f81600f8c0 DEOPT UNPACKING pc=0x000001f81d946763 sp=0x000000766acfcec0 mode 0
Event: 2.907 Thread 0x000001f81600f8c0 DEOPT PACKING pc=0x000001f81e264848 sp=0x000000766acfcba0
Event: 2.907 Thread 0x000001f81600f8c0 DEOPT UNPACKING pc=0x000001f81d946763 sp=0x000000766acfc010 mode 3
Event: 2.918 Thread 0x000001f81600f8c0 DEOPT PACKING pc=0x000001f81e27b3f9 sp=0x000000766acfcb10
Event: 2.918 Thread 0x000001f81600f8c0 DEOPT UNPACKING pc=0x000001f81d946763 sp=0x000000766acfbff0 mode 3
Event: 3.216 Thread 0x000001f81600f8c0 DEOPT PACKING pc=0x000001f81e2d5315 sp=0x000000766acfda90
Event: 3.216 Thread 0x000001f81600f8c0 DEOPT UNPACKING pc=0x000001f81d946763 sp=0x000000766acfd038 mode 0
Event: 3.510 Thread 0x000001f81600f8c0 DEOPT PACKING pc=0x000001f81db85eac sp=0x000000766acfd4e0
Event: 3.510 Thread 0x000001f81600f8c0 DEOPT UNPACKING pc=0x000001f81d946763 sp=0x000000766acfc9a8 mode 0
Event: 3.618 Thread 0x000001f81600f8c0 DEOPT PACKING pc=0x000001f81e38e025 sp=0x000000766acfd1e0
Event: 3.618 Thread 0x000001f81600f8c0 DEOPT UNPACKING pc=0x000001f81d946763 sp=0x000000766acfc748 mode 3
Event: 4.447 Thread 0x000001f81600f8c0 DEOPT PACKING pc=0x000001f81df077e2 sp=0x000000766acfb450
Event: 4.447 Thread 0x000001f81600f8c0 DEOPT UNPACKING pc=0x000001f81d946763 sp=0x000000766acfa958 mode 3
Event: 5.621 Thread 0x000001f81600f8c0 DEOPT PACKING pc=0x000001f81e4bf364 sp=0x000000766acfc8b0
Event: 5.621 Thread 0x000001f81600f8c0 DEOPT UNPACKING pc=0x000001f81d946763 sp=0x000000766acfbde0 mode 0
Event: 6.806 Thread 0x000001f81600f8c0 DEOPT PACKING pc=0x000001f81e77fadc sp=0x000000766acfd1b0
Event: 6.806 Thread 0x000001f81600f8c0 DEOPT UNPACKING pc=0x000001f81d946763 sp=0x000000766acfc728 mode 0

Classes unloaded (0 events):
No events

Classes redefined (0 events):
No events

Internal exceptions (20 events):
Event: 12.372 Thread 0x000001f81600f8c0 Exception <a 'java/lang/reflect/InvocationTargetException'{0x000000070d823ce0}> (0x000000070d823ce0) 
thrown [t:\workspace\open\src\hotspot\share\runtime\reflection.cpp, line 1121]
Event: 12.758 Thread 0x000001f81600f8c0 Exception <a 'java/lang/reflect/InvocationTargetException'{0x000000070d9da230}> (0x000000070d9da230) 
thrown [t:\workspace\open\src\hotspot\share\runtime\reflection.cpp, line 1121]
Event: 12.764 Thread 0x000001f81600f8c0 Exception <a 'java/lang/reflect/InvocationTargetException'{0x000000070d606a48}> (0x000000070d606a48) 
thrown [t:\workspace\open\src\hotspot\share\runtime\reflection.cpp, line 1121]
Event: 12.768 Thread 0x000001f81600f8c0 Exception <a 'java/lang/reflect/InvocationTargetException'{0x000000070d637720}> (0x000000070d637720) 
thrown [t:\workspace\open\src\hotspot\share\runtime\reflection.cpp, line 1121]
Event: 12.772 Thread 0x000001f81600f8c0 Exception <a 'java/lang/reflect/InvocationTargetException'{0x000000070d664b80}> (0x000000070d664b80) 
thrown [t:\workspace\open\src\hotspot\share\runtime\reflection.cpp, line 1121]
Event: 12.776 Thread 0x000001f81600f8c0 Exception <a 'java/lang/reflect/InvocationTargetException'{0x000000070d6905e0}> (0x000000070d6905e0) 
thrown [t:\workspace\open\src\hotspot\share\runtime\reflection.cpp, line 1121]
Event: 12.782 Thread 0x000001f81600f8c0 Exception <a 'java/lang/NoSuchMethodError'{0x000000070d6f23a8}: 'int java.lang.invoke.DirectMethodHandle$Holder.invokeStatic(java.lang.Object, java.lang.Object, int)'> (0x000000070d6f23a8) 
thrown [t:\workspace\open\src\hotspot\share\interpreter\linkResolver.cpp, line 766]
Event: 12.787 Thread 0x000001f81600f8c0 Exception <a 'java/lang/IncompatibleClassChangeError'{0x000000070d785ef8}: Found class java.lang.Object, but interface was expected> (0x000000070d785ef8) 
thrown [t:\workspace\open\src\hotspot\share\interpreter\linkResolver.cpp, line 833]
Event: 12.790 Thread 0x000001f81600f8c0 Exception <a 'java/lang/reflect/InvocationTargetException'{0x000000070d7ba290}> (0x000000070d7ba290) 
thrown [t:\workspace\open\src\hotspot\share\runtime\reflection.cpp, line 1121]
Event: 12.797 Thread 0x000001f81600f8c0 Exception <a 'java/lang/reflect/InvocationTargetException'{0x000000070d221420}> (0x000000070d221420) 
thrown [t:\workspace\open\src\hotspot\share\runtime\reflection.cpp, line 1121]
Event: 12.819 Thread 0x000001f81600f8c0 Exception <a 'java/lang/reflect/InvocationTargetException'{0x000000070ce0d7c8}> (0x000000070ce0d7c8) 
thrown [t:\workspace\open\src\hotspot\share\runtime\reflection.cpp, line 1121]
Event: 12.824 Thread 0x000001f81600f8c0 Exception <a 'java/lang/NoSuchMethodError'{0x000000070ce7a2b8}: 'java.lang.Object java.lang.invoke.DirectMethodHandle$Holder.invokeStatic(java.lang.Object, int, java.lang.Object)'> (0x000000070ce7a2b8) 
thrown [t:\workspace\open\src\hotspot\share\interpreter\linkResolver.cpp, line 766]
Event: 12.826 Thread 0x000001f81600f8c0 Exception <a 'java/lang/reflect/InvocationTargetException'{0x000000070cea79a8}> (0x000000070cea79a8) 
thrown [t:\workspace\open\src\hotspot\share\runtime\reflection.cpp, line 1121]
Event: 12.828 Thread 0x000001f81600f8c0 Exception <a 'java/lang/reflect/InvocationTargetException'{0x000000070cebbd70}> (0x000000070cebbd70) 
thrown [t:\workspace\open\src\hotspot\share\runtime\reflection.cpp, line 1121]
Event: 12.829 Thread 0x000001f81600f8c0 Exception <a 'java/lang/reflect/InvocationTargetException'{0x000000070ced7700}> (0x000000070ced7700) 
thrown [t:\workspace\open\src\hotspot\share\runtime\reflection.cpp, line 1121]
Event: 12.848 Thread 0x000001f81600f8c0 Exception <a 'java/lang/reflect/InvocationTargetException'{0x000000070c630138}> (0x000000070c630138) 
thrown [t:\workspace\open\src\hotspot\share\runtime\reflection.cpp, line 1121]
Event: 12.866 Thread 0x000001f81600f8c0 Exception <a 'java/lang/NoSuchMethodError'{0x000000070c4873f8}: 'java.lang.Object java.lang.invoke.DirectMethodHandle$Holder.invokeInterface(java.lang.Object, java.lang.Object, int)'> (0x000000070c4873f8) 
thrown [t:\workspace\open\src\hotspot\share\interpreter\linkResolver.cpp, line 766]
Event: 12.868 Thread 0x000001f81600f8c0 Exception <a 'java/lang/reflect/InvocationTargetException'{0x000000070c4aee08}> (0x000000070c4aee08) 
thrown [t:\workspace\open\src\hotspot\share\runtime\reflection.cpp, line 1121]
Event: 12.932 Thread 0x000001f81600f8c0 Exception <a 'java/lang/reflect/InvocationTargetException'{0x000000070a745980}> (0x000000070a745980) 
thrown [t:\workspace\open\src\hotspot\share\runtime\reflection.cpp, line 1121]
Event: 12.934 Thread 0x000001f81600f8c0 Exception <a 'java/lang/reflect/InvocationTargetException'{0x000000070a753ad0}> (0x000000070a753ad0) 
thrown [t:\workspace\open\src\hotspot\share\runtime\reflection.cpp, line 1121]

VM Operations (20 events):
Event: 13.654 Executing VM operation: G1CollectForAllocation done
Event: 13.735 Executing VM operation: G1CollectForAllocation
Event: 13.748 Executing VM operation: G1CollectForAllocation done
Event: 13.831 Executing VM operation: G1Concurrent
Event: 13.835 Executing VM operation: G1Concurrent done
Event: 13.848 Executing VM operation: G1CollectForAllocation
Event: 13.859 Executing VM operation: G1CollectForAllocation done
Event: 13.878 Executing VM operation: G1Concurrent
Event: 13.878 Executing VM operation: G1Concurrent done
Event: 13.989 Executing VM operation: G1CollectForAllocation
Event: 14.008 Executing VM operation: G1CollectForAllocation done
Event: 14.016 Executing VM operation: G1CollectForAllocation
Event: 14.043 Executing VM operation: G1CollectForAllocation done
Event: 14.100 Executing VM operation: G1CollectForAllocation
Event: 14.108 Executing VM operation: G1CollectForAllocation done
Event: 14.638 Executing VM operation: G1CollectForAllocation
Event: 14.678 Executing VM operation: G1CollectForAllocation done
Event: 15.077 Executing VM operation: G1CollectForAllocation
Event: 15.119 Executing VM operation: G1CollectForAllocation done
Event: 15.464 Executing VM operation: G1CollectForAllocation

Events (20 events):
Event: 12.775 Thread 0x000001f831679320 Thread exited: 0x000001f831679320
Event: 12.866 loading class java/util/stream/Streams$RangeIntSpliterator
Event: 12.866 loading class java/util/stream/Streams$RangeIntSpliterator done
Event: 12.866 loading class java/util/stream/IntPipeline$1
Event: 12.866 loading class java/util/stream/IntPipeline$1 done
Event: 12.867 loading class java/util/stream/IntPipeline$1$1
Event: 12.867 loading class java/util/stream/IntPipeline$1$1 done
Event: 13.277 Thread 0x000001f8316797f0 Thread added: 0x000001f8316797f0
Event: 13.304 Thread 0x000001f8316797f0 Thread exited: 0x000001f8316797f0
Event: 13.806 Thread 0x000001f82f409850 Thread exited: 0x000001f82f409850
Event: 13.806 Thread 0x000001f83167a190 Thread added: 0x000001f83167a190
Event: 13.809 Thread 0x000001f83167a190 Thread exited: 0x000001f83167a190
Event: 14.311 Thread 0x000001f82d291570 Thread exited: 0x000001f82d291570
Event: 14.311 Thread 0x000001f831679320 Thread added: 0x000001f831679320
Event: 14.312 Thread 0x000001f82d291060 Thread exited: 0x000001f82d291060
Event: 14.314 Thread 0x000001f831679320 Thread exited: 0x000001f831679320
Event: 14.816 Thread 0x000001f83167ab30 Thread added: 0x000001f83167ab30
Event: 14.819 Thread 0x000001f83167ab30 Thread exited: 0x000001f83167ab30
Event: 15.320 Thread 0x000001f831679320 Thread added: 0x000001f831679320
Event: 15.323 Thread 0x000001f831679320 Thread exited: 0x000001f831679320


Dynamic libraries:
0x00007ff76f130000 - 0x00007ff76f13e000 	C:\JDK\jdk-17.0.2\bin\java.exe
0x00007ff91e7a0000 - 0x00007ff91ea00000 	C:\WINDOWS\SYSTEM32\ntdll.dll
0x00007ff91d9f0000 - 0x00007ff91dab7000 	C:\WINDOWS\System32\KERNEL32.DLL
0x00007ff91bb50000 - 0x00007ff91bf1a000 	C:\WINDOWS\System32\KERNELBASE.dll
0x00007ff91c360000 - 0x00007ff91c4ab000 	C:\WINDOWS\System32\ucrtbase.dll
0x00007ff8f9780000 - 0x00007ff8f9798000 	C:\JDK\jdk-17.0.2\bin\jli.dll
0x00007ff8f99c0000 - 0x00007ff8f99da000 	C:\JDK\jdk-17.0.2\bin\VCRUNTIME140.dll
0x00007ff91c9e0000 - 0x00007ff91cbac000 	C:\WINDOWS\System32\USER32.dll
0x00007ff8fa5c0000 - 0x00007ff8fa857000 	C:\WINDOWS\WinSxS\amd64_microsoft.windows.common-controls_6595b64144ccf1df_6.0.26100.3624_none_3e086962e3345f24\COMCTL32.dll
0x00007ff91c570000 - 0x00007ff91c597000 	C:\WINDOWS\System32\win32u.dll
0x00007ff91db00000 - 0x00007ff91db2a000 	C:\WINDOWS\System32\GDI32.dll
0x00007ff91d3c0000 - 0x00007ff91d469000 	C:\WINDOWS\System32\msvcrt.dll
0x00007ff91ba10000 - 0x00007ff91bb41000 	C:\WINDOWS\System32\gdi32full.dll
0x00007ff91c210000 - 0x00007ff91c2b3000 	C:\WINDOWS\System32\msvcp_win.dll
0x00007ff91dac0000 - 0x00007ff91daef000 	C:\WINDOWS\System32\IMM32.DLL
0x00007ff907be0000 - 0x00007ff907bec000 	C:\JDK\jdk-17.0.2\bin\vcruntime140_1.dll
0x00007ff8cdbb0000 - 0x00007ff8cdc3d000 	C:\JDK\jdk-17.0.2\bin\msvcp140.dll
0x00007ff8c6720000 - 0x00007ff8c72e1000 	C:\JDK\jdk-17.0.2\bin\server\jvm.dll
0x00007ff91c820000 - 0x00007ff91c8d2000 	C:\WINDOWS\System32\ADVAPI32.dll
0x00007ff91e6b0000 - 0x00007ff91e756000 	C:\WINDOWS\System32\sechost.dll
0x00007ff91cbb0000 - 0x00007ff91ccc6000 	C:\WINDOWS\System32\RPCRT4.dll
0x00007ff91d650000 - 0x00007ff91d658000 	C:\WINDOWS\System32\PSAPI.DLL
0x00007ff90a880000 - 0x00007ff90a88b000 	C:\WINDOWS\SYSTEM32\VERSION.dll
0x00007ff907450000 - 0x00007ff90745a000 	C:\WINDOWS\SYSTEM32\WSOCK32.dll
0x00007ff907550000 - 0x00007ff907586000 	C:\WINDOWS\SYSTEM32\WINMM.dll
0x00007ff91ce40000 - 0x00007ff91ceb4000 	C:\WINDOWS\System32\WS2_32.dll
0x00007ff91a790000 - 0x00007ff91a7aa000 	C:\WINDOWS\SYSTEM32\kernel.appcore.dll
0x00007ff9073c0000 - 0x00007ff9073ca000 	C:\JDK\jdk-17.0.2\bin\jimage.dll
0x00007ff919130000 - 0x00007ff919371000 	C:\WINDOWS\SYSTEM32\DBGHELP.DLL
0x00007ff91d660000 - 0x00007ff91d9e2000 	C:\WINDOWS\System32\combase.dll
0x00007ff91e410000 - 0x00007ff91e4e6000 	C:\WINDOWS\System32\OLEAUT32.dll
0x00007ff90fc10000 - 0x00007ff90fc49000 	C:\WINDOWS\SYSTEM32\dbgcore.DLL
0x00007ff91c2c0000 - 0x00007ff91c359000 	C:\WINDOWS\System32\bcryptPrimitives.dll
0x00007ff906bf0000 - 0x00007ff906bfe000 	C:\JDK\jdk-17.0.2\bin\instrument.dll
0x00007ff8f89c0000 - 0x00007ff8f89e5000 	C:\JDK\jdk-17.0.2\bin\java.dll
0x00007ff8cdad0000 - 0x00007ff8cdba6000 	C:\JDK\jdk-17.0.2\bin\jsvml.dll
0x00007ff91db80000 - 0x00007ff91e2a9000 	C:\WINDOWS\System32\SHELL32.dll
0x00007ff91c0a0000 - 0x00007ff91c208000 	C:\WINDOWS\System32\wintypes.dll
0x00007ff9195f0000 - 0x00007ff919e42000 	C:\WINDOWS\SYSTEM32\windows.storage.dll
0x00007ff91c8f0000 - 0x00007ff91c9dd000 	C:\WINDOWS\System32\SHCORE.dll
0x00007ff91d350000 - 0x00007ff91d3b4000 	C:\WINDOWS\System32\shlwapi.dll
0x00007ff91b890000 - 0x00007ff91b8bf000 	C:\WINDOWS\SYSTEM32\profapi.dll
0x00007ff8f89a0000 - 0x00007ff8f89b8000 	C:\JDK\jdk-17.0.2\bin\zip.dll
0x00007ff8f8930000 - 0x00007ff8f8949000 	C:\JDK\jdk-17.0.2\bin\net.dll
0x00007ff913350000 - 0x00007ff91346d000 	C:\WINDOWS\SYSTEM32\WINHTTP.dll
0x00007ff91ad20000 - 0x00007ff91ad8a000 	C:\WINDOWS\system32\mswsock.dll
0x00007ff8f70d0000 - 0x00007ff8f70e6000 	C:\JDK\jdk-17.0.2\bin\nio.dll
0x00007ff907dc0000 - 0x00007ff907dda000 	C:\Program Files\JetBrains\IntelliJ IDEA 2024.3.1\bin\breakgen64.dll
0x00007ff91a270000 - 0x00007ff91a395000 	C:\WINDOWS\SYSTEM32\DNSAPI.dll
0x00007ff91a1d0000 - 0x00007ff91a203000 	C:\WINDOWS\SYSTEM32\IPHLPAPI.DLL
0x00007ff91e5f0000 - 0x00007ff91e5fa000 	C:\WINDOWS\System32\NSI.dll
0x00007ff90fe10000 - 0x00007ff90fe1b000 	C:\Windows\System32\rasadhlp.dll
0x00007ff917600000 - 0x00007ff917685000 	C:\WINDOWS\System32\fwpuclnt.dll
0x00007ff902460000 - 0x00007ff902469000 	C:\JDK\jdk-17.0.2\bin\management.dll
0x00007ff8fec30000 - 0x00007ff8fec3b000 	C:\JDK\jdk-17.0.2\bin\management_ext.dll
0x00007ff91b070000 - 0x00007ff91b08c000 	C:\WINDOWS\SYSTEM32\CRYPTSP.dll
0x00007ff91a6f0000 - 0x00007ff91a72a000 	C:\WINDOWS\system32\rsaenh.dll
0x00007ff91adc0000 - 0x00007ff91adeb000 	C:\WINDOWS\SYSTEM32\USERENV.dll
0x00007ff91b860000 - 0x00007ff91b886000 	C:\WINDOWS\SYSTEM32\bcrypt.dll
0x00007ff91b090000 - 0x00007ff91b09c000 	C:\WINDOWS\SYSTEM32\CRYPTBASE.dll
0x00007ff9136a0000 - 0x00007ff9136bf000 	C:\WINDOWS\SYSTEM32\dhcpcsvc6.DLL
0x00007ff913640000 - 0x00007ff913665000 	C:\WINDOWS\SYSTEM32\dhcpcsvc.DLL
0x00007ff902a10000 - 0x00007ff902a28000 	C:\WINDOWS\system32\napinsp.dll
0x00007ff902840000 - 0x00007ff902852000 	C:\WINDOWS\System32\winrnr.dll
0x00007ff902800000 - 0x00007ff902830000 	C:\WINDOWS\system32\nlansp_c.dll
0x00007ff9027e0000 - 0x00007ff9027f6000 	C:\WINDOWS\system32\wshbth.dll
0x00007ff8ff550000 - 0x00007ff8ff59e000 	C:\WINDOWS\SYSTEM32\pdh.dll
0x00007ff90fcd0000 - 0x00007ff90fce2000 	C:\WINDOWS\System32\perfproc.dll
0x00007ff90fb20000 - 0x00007ff90fb31000 	C:\WINDOWS\System32\perfos.dll
0x00007ff919e80000 - 0x00007ff919e92000 	C:\WINDOWS\SYSTEM32\pfclient.dll
0x00007ff8fd750000 - 0x00007ff8fd75e000 	C:\JDK\jdk-17.0.2\bin\sunmscapi.dll
0x00007ff91bf20000 - 0x00007ff91c097000 	C:\WINDOWS\System32\CRYPT32.dll
0x00007ff91b270000 - 0x00007ff91b2a0000 	C:\WINDOWS\SYSTEM32\ncrypt.dll
0x00007ff91b220000 - 0x00007ff91b25f000 	C:\WINDOWS\SYSTEM32\NTASN1.dll
0x00007ff902780000 - 0x00007ff902790000 	C:\JDK\jdk-17.0.2\bin\verify.dll

dbghelp: loaded successfully - version: 4.0.5 - missing functions: none
symbol engine: initialized successfully - sym options: 0x614 - pdb path: .;C:\JDK\jdk-17.0.2\bin;C:\WINDOWS\SYSTEM32;C:\WINDOWS\WinSxS\amd64_microsoft.windows.common-controls_6595b64144ccf1df_6.0.26100.3624_none_3e086962e3345f24;C:\JDK\jdk-17.0.2\bin\server;C:\Program Files\JetBrains\IntelliJ IDEA 2024.3.1\bin

VM Arguments:
jvm_args: -XX:TieredStopAtLevel=1 -Dspring.output.ansi.enabled=always -Dcom.sun.management.jmxremote -Dspring.jmx.enabled=true -Dspring.liveBeansView.mbeanDomain -Dspring.application.admin.enabled=true -Dmanagement.endpoints.jmx.exposure.include=* -javaagent:C:\Program Files\JetBrains\IntelliJ IDEA 2024.3.1\lib\idea_rt.jar=62874:C:\Program Files\JetBrains\IntelliJ IDEA 2024.3.1\bin -Dfile.encoding=UTF-8 
java_command: com.example.backend.BackendApplication
java_class_path (initial): C:\Users\Playdata\Documents\Final\backend\backend\build\classes\java\main;C:\Users\Playdata\Documents\Final\backend\backend\build\resources\main;C:\Users\Playdata\.gradle\caches\modules-2\files-2.1\org.projectlombok\lombok\1.18.36\5a30490a6e14977d97d9c73c924c1f1b5311ea95\lombok-1.18.36.jar;C:\Users\Playdata\.gradle\caches\modules-2\files-2.1\org.springframework.boot\spring-boot-starter-websocket\3.4.4\84bed24202172c69665edc6978c4766fc4aa7945\spring-boot-starter-websocket-3.4.4.jar;C:\Users\Playdata\.gradle\caches\modules-2\files-2.1\org.springframework.boot\spring-boot-starter-web\3.4.4\441c0c71f38783c1d34b8bac5f06f1fa6b103274\spring-boot-starter-web-3.4.4.jar;C:\Users\Playdata\.gradle\caches\modules-2\files-2.1\org.springframework.boot\spring-boot-starter-data-jpa\3.4.4\7e0ab04a0aa460295c7a2e485c7809a733469824\spring-boot-starter-data-jpa-3.4.4.jar;C:\Users\Playdata\.gradle\caches\modules-2\files-2.1\org.mariadb.jdbc\mariadb-java-client\3.4.1\7599bff3a38ae943d8e055848b3fe943772b12c9\mariadb-java-client-3.4.1.jar;C:\Users\Playdata\.gradle\caches\modules-2\files-2.1\org.springdoc\springdoc-openapi-starter-webmvc-ui\2.7.0\4426174e7fa7428a1c5f2edbd352c89e3e6b9794\springdoc-openapi-starter-webmvc-ui-2.7.0.jar;C:\Users\Playdata\.gradle\caches\modules-2\files-2.1\io.jsonwebtoken\jjwt-impl\0.11.5\40a599f0e8a8e4e0701596fbb15e67bfda64fdf0\jjwt-impl-0.11.5.jar;C:\Users\Playdata\.gradle\caches\modules-2\files-2.1\io.jsonwebtoken\jjwt-jackson\0.11.5\3b83a06809e98a69402d7333dcf67df6f6ea4579\jjwt-jackson-0.11.5.jar;C:\Users\Playdata\.gradle\caches\modules-2\files-2.1\io.jsonwebtoken\jjwt-api\0.11.5\f742940045619d06383e7df37b21ac422b476cf1\jjwt-api-0.11.5.jar;C:\Users\Playdata\.gradle\caches\modules-2\files-2.1\org.springframework.boot\spring-boot-starter-security\3.4.4\796c83e0f08979c87b62d19d7d956d1ea453f4cd\spring-boot-starter-security-3.4.4.jar;C:\Users\Playdata\.gradle\caches\modules-2\files-2.1\org.springframework.boot\spring-boot-starter-oauth2-
Launcher Type: SUN_STANDARD

[Global flags]
     intx CICompilerCount                          = 4                                         {product} {ergonomic}
     uint ConcGCThreads                            = 2                                         {product} {ergonomic}
     uint G1ConcRefinementThreads                  = 8                                         {product} {ergonomic}
   size_t G1HeapRegionSize                         = 2097152                                   {product} {ergonomic}
    uintx GCDrainStackTargetSize                   = 64                                        {product} {ergonomic}
   size_t InitialHeapSize                          = 264241152                                 {product} {ergonomic}
     bool ManagementServer                         = true                                      {product} {command line}
   size_t MarkStackSize                            = 4194304                                   {product} {ergonomic}
   size_t MaxHeapSize                              = 4223664128                                {product} {ergonomic}
   size_t MaxNewSize                               = 2533359616                                {product} {ergonomic}
   size_t MinHeapDeltaBytes                        = 2097152                                   {product} {ergonomic}
   size_t MinHeapSize                              = 8388608                                   {product} {ergonomic}
    uintx NonProfiledCodeHeapSize                  = 0                                      {pd product} {ergonomic}
     bool ProfileInterpreter                       = false                                  {pd product} {command line}
    uintx ProfiledCodeHeapSize                     = 0                                      {pd product} {ergonomic}
   size_t SoftMaxHeapSize                          = 4223664128                             {manageable} {ergonomic}
     intx TieredStopAtLevel                        = 1                                         {product} {command line}
     bool UseCompressedClassPointers               = true                           {product lp64_product} {ergonomic}
     bool UseCompressedOops                        = true                           {product lp64_product} {ergonomic}
     bool UseG1GC                                  = true                                      {product} {ergonomic}
     bool UseLargePagesIndividualAllocation        = false                                  {pd product} {ergonomic}

Logging:
Log output configuration:
 #0: stdout all=warning uptime,level,tags
 #1: stderr all=off uptime,level,tags

Environment Variables:
JAVA_HOME=C:\JDK\jdk-17.0.2\bin
PATH=C:\Program Files (x86)\Embarcadero\Studio\23.0\bin;C:\Users\Public\Documents\Embarcadero\Studio\23.0\Bpl;C:\Program Files (x86)\Embarcadero\Studio\23.0\bin64;C:\Users\Public\Documents\Embarcadero\Studio\23.0\Bpl\Win64;C:\Program Files (x86)\VMware\VMware Workstation\bin\;C:\WINDOWS\system32;C:\WINDOWS;C:\WINDOWS\System32\Wbem;C:\WINDOWS\System32\WindowsPowerShell\v1.0\;C:\WINDOWS\System32\OpenSSH\;C:\Program Files\PuTTY\;C:\Program Files\Git\cmd;C:\Program Files\Bandizip\;C:\Program Files\nodejs\;C:\Program Files\Docker\Docker\resources\bin;C:\Program Files (x86)\Windows Kits\10\Windows Performance Toolkit\;C:\Users\Playdata\AppData\Local\Programs\Python\Python313\Scripts\;C:\Users\Playdata\AppData\Local\Programs\Python\Python313\;C:\Users\Playdata\AppData\Local\Programs\Python\Launcher\;C:\Users\Playdata\AppData\Local\Microsoft\WindowsApps;C:\Users\Playdata\AppData\Local\Programs\Microsoft VS Code\bin;C:\JDK\jdk-17.0.2\bin;C:\Users\Playdata\AppData\Roaming\npm;C:\Python27;C:\Program Files\JetBrains\IntelliJ IDEA 2024.3.1\bin;;C:\Program Files\MongoDB\Server\8.0\bin;C:\Program Files\qemu;
USERNAME=Playdata
OS=Windows_NT
PROCESSOR_IDENTIFIER=Intel64 Family 6 Model 140 Stepping 1, GenuineIntel



---------------  S Y S T E M  ---------------

OS:
 Windows 11 , 64 bit Build 26100 (10.0.26100.3775)
OS uptime: 2 days 6:04 hours
Hyper-V role detected

CPU: total 8 (initial active 8) (4 cores per cpu, 2 threads per core) family 6 model 140 stepping 1 microcode 0x8a, cx8, cmov, fxsr, ht, mmx, 3dnowpref, sse, sse2, sse3, ssse3, sse4.1, sse4.2, popcnt, lzcnt, tsc, tscinvbit, avx, avx2, aes, erms, clmul, bmi1, bmi2, adx, avx512f, avx512dq, avx512cd, avx512bw, avx512vl, sha, fma, vzeroupper, avx512_vpopcntdq, avx512_vpclmulqdq, avx512_vaes, avx512_vnni, clflush, clflushopt, clwb, avx512_vbmi2, avx512_vbmi, hv

Memory: 4k page, system-wide physical 16107M (1315M free)
TotalPageFile size 46326M (AvailPageFile size 851M)
current process WorkingSet (physical memory assigned to process): 803M, peak: 803M
current process commit charge ("private bytes"): 891M, peak: 2027M

vm_info: OpenJDK 64-Bit Server VM (17.0.2+8-86) for windows-amd64 JRE (17.0.2+8-86), built on Dec  7 2021 21:49:10 by "mach5one" with MS VC++ 16.8 / 16.9 (VS2019)

END.
